** Drc report for cadenza-d1-production-v33-candidate.kicad_pcb **
** Created on 2026-07-21T08:45:26 **
** Report includes: Errors, Warnings **

** Found 11 DRC violations **
[hole_clearance]: 孔间距违规 (<电路板配置> 中的 "孔" 约束 间距 0.2500 mm; 实际 0.0000 mm)
    Rule: <电路板配置> 中的 "孔" 约束; error
    @(55.0000 mm, 55.0000 mm): H1 的 NPTH 焊盘
    @(55.0000 mm, 55.0000 mm): 过孔 [/GND] (F.Cu - B.Cu)
[hole_clearance]: 孔间距违规 (<电路板配置> 中的 "孔" 约束 间距 0.2500 mm; 实际 0.0000 mm)
    Rule: <电路板配置> 中的 "孔" 约束; error
    @(55.0000 mm, 55.0000 mm): H1 的 NPTH 焊盘
    @(55.0000 mm, 55.0000 mm): 过孔 [/GND] (F.Cu - B.Cu)
[hole_clearance]: 孔间距违规 (<电路板配置> 中的 "孔" 约束 间距 0.2500 mm; 实际 0.0000 mm)
    Rule: <电路板配置> 中的 "孔" 约束; error
    @(55.0000 mm, 55.0000 mm): H1 的 NPTH 焊盘
    @(55.0000 mm, 55.0000 mm): 过孔 [/GND] (F.Cu - B.Cu)
[hole_clearance]: 孔间距违规 (<电路板配置> 中的 "孔" 约束 间距 0.2500 mm; 实际 0.0000 mm)
    Rule: <电路板配置> 中的 "孔" 约束; error
    @(55.0000 mm, 55.0000 mm): H1 的 NPTH 焊盘
    @(55.0000 mm, 55.0000 mm): 过孔 [/GND] (F.Cu - B.Cu)
[hole_clearance]: 孔间距违规 (<电路板配置> 中的 "孔" 约束 间距 0.2500 mm; 实际 0.0000 mm)
    Rule: <电路板配置> 中的 "孔" 约束; error
    @(55.0000 mm, 55.0000 mm): H1 的 NPTH 焊盘
    @(55.0000 mm, 55.0000 mm): 过孔 [/GND] (F.Cu - B.Cu)
[hole_clearance]: 孔间距违规 (<电路板配置> 中的 "孔" 约束 间距 0.2500 mm; 实际 0.0000 mm)
    Rule: <电路板配置> 中的 "孔" 约束; error
    @(55.0000 mm, 55.0000 mm): H1 的 NPTH 焊盘
    @(55.0000 mm, 55.0000 mm): 过孔 [/GND] (F.Cu - B.Cu)
[hole_clearance]: 孔间距违规 (<电路板配置> 中的 "孔" 约束 间距 0.2500 mm; 实际 0.0000 mm)
    Rule: <电路板配置> 中的 "孔" 约束; error
    @(55.0000 mm, 55.0000 mm): H1 的 NPTH 焊盘
    @(55.0000 mm, 55.0000 mm): 过孔 [/GND] (F.Cu - B.Cu)
[hole_clearance]: 孔间距违规 (<电路板配置> 中的 "孔" 约束 间距 0.2500 mm; 实际 0.0000 mm)
    Rule: <电路板配置> 中的 "孔" 约束; error
    @(55.0000 mm, 55.0000 mm): H1 的 NPTH 焊盘
    @(55.0000 mm, 55.0000 mm): 过孔 [/GND] (F.Cu - B.Cu)
[via_dangling]: Via is not connected or connected on only one layer
    Local override; warning
    @(55.0000 mm, 55.0000 mm): 过孔 [/GND] (F.Cu - B.Cu)
[holes_co_located]: Drilled holes co-located
    Local override; warning
    @(55.0000 mm, 55.0000 mm): H1 的 NPTH 焊盘
    @(55.0000 mm, 55.0000 mm): 过孔 [/GND] (F.Cu - B.Cu)
[holes_co_located]: Drilled holes co-located
    Local override; warning
    @(55.0000 mm, 55.0000 mm): H1 的 NPTH 焊盘
    @(55.0000 mm, 55.0000 mm): 过孔 [/GND] (F.Cu - B.Cu)

** Found 5 unconnected pads **
[unconnected_items]: Missing connection between items
    Local override; error
    @(141.7500 mm, 67.2500 mm): 填充区[/GND]在 B.Cu 上, 优先级 0
    @(55.0000 mm, 55.0000 mm): 过孔 [/GND] (F.Cu - B.Cu)
[unconnected_items]: Missing connection between items
    Local override; error
    @(141.7500 mm, 67.2500 mm): 填充区[/GND]在 B.Cu 上, 优先级 0
    @(141.7500 mm, 67.2500 mm): 填充区[/GND]在 F.Cu 上, 优先级 0
[unconnected_items]: Missing connection between items
    Local override; error
    @(141.7500 mm, 67.2500 mm): 填充区[/GND]在 GND 上, 优先级 0
    @(141.7500 mm, 67.2500 mm): 填充区[/GND]在 B.Cu 上, 优先级 0
[unconnected_items]: Missing connection between items
    Local override; error
    @(141.7500 mm, 67.2500 mm): 填充区[/GND]在 B.Cu 上, 优先级 0
    @(141.7500 mm, 67.2500 mm): 填充区[/GND]在 B.Cu 上, 优先级 0
[unconnected_items]: Missing connection between items
    Local override; error
    @(141.7500 mm, 67.2500 mm): 填充区[/GND]在 B.Cu 上, 优先级 0
    @(141.7500 mm, 67.2500 mm): 填充区[/GND]在 F.Cu 上, 优先级 0

** Found 0 Footprint errors **

** Ignored checks **
    - Footprint has no courtyard defined
    - Track endpoint not centered on via
    - Tuning profile track geometries
    - Footprint doesn't match symbol's footprint filters
    - Footprint component type doesn't match footprint pads

** End of Report **
