** Drc report for cadenza-d1-production-v34-candidate.kicad_pcb **
** Created on 2026-07-21T08:46:09 **
** Report includes: Errors, Warnings **

** Found 10 DRC violations **
[hole_clearance]: 孔间距违规 (<电路板配置> 中的 "孔" 约束 间距 0.2500 mm; 实际 0.1500 mm)
    Rule: <电路板配置> 中的 "孔" 约束; error
    @(58.0000 mm, 58.7000 mm): U6 的 NPTH 焊盘
    @(58.0000 mm, 58.0000 mm): 过孔 [/GND] (F.Cu - B.Cu)
[hole_clearance]: 孔间距违规 (<电路板配置> 中的 "孔" 约束 间距 0.2500 mm; 实际 0.1500 mm)
    Rule: <电路板配置> 中的 "孔" 约束; error
    @(58.0000 mm, 58.7000 mm): U6 的 NPTH 焊盘
    @(58.0000 mm, 58.0000 mm): 过孔 [/GND] (F.Cu - B.Cu)
[hole_clearance]: 孔间距违规 (<电路板配置> 中的 "孔" 约束 间距 0.2500 mm; 实际 0.1500 mm)
    Rule: <电路板配置> 中的 "孔" 约束; error
    @(58.0000 mm, 58.7000 mm): U6 的 NPTH 焊盘
    @(58.0000 mm, 58.0000 mm): 过孔 [/GND] (F.Cu - B.Cu)
[hole_clearance]: 孔间距违规 (<电路板配置> 中的 "孔" 约束 间距 0.2500 mm; 实际 0.1500 mm)
    Rule: <电路板配置> 中的 "孔" 约束; error
    @(58.0000 mm, 58.7000 mm): U6 的 NPTH 焊盘
    @(58.0000 mm, 58.0000 mm): 过孔 [/GND] (F.Cu - B.Cu)
[hole_clearance]: 孔间距违规 (<电路板配置> 中的 "孔" 约束 间距 0.2500 mm; 实际 0.1500 mm)
    Rule: <电路板配置> 中的 "孔" 约束; error
    @(58.0000 mm, 58.7000 mm): U6 的 NPTH 焊盘
    @(58.0000 mm, 58.0000 mm): 过孔 [/GND] (F.Cu - B.Cu)
[hole_clearance]: 孔间距违规 (<电路板配置> 中的 "孔" 约束 间距 0.2500 mm; 实际 0.1500 mm)
    Rule: <电路板配置> 中的 "孔" 约束; error
    @(58.0000 mm, 58.7000 mm): U6 的 NPTH 焊盘
    @(58.0000 mm, 58.0000 mm): 过孔 [/GND] (F.Cu - B.Cu)
[hole_clearance]: 孔间距违规 (<电路板配置> 中的 "孔" 约束 间距 0.2500 mm; 实际 0.1500 mm)
    Rule: <电路板配置> 中的 "孔" 约束; error
    @(58.0000 mm, 58.7000 mm): U6 的 NPTH 焊盘
    @(58.0000 mm, 58.0000 mm): 过孔 [/GND] (F.Cu - B.Cu)
[hole_clearance]: 孔间距违规 (<电路板配置> 中的 "孔" 约束 间距 0.2500 mm; 实际 0.1500 mm)
    Rule: <电路板配置> 中的 "孔" 约束; error
    @(58.0000 mm, 58.7000 mm): U6 的 NPTH 焊盘
    @(58.0000 mm, 58.0000 mm): 过孔 [/GND] (F.Cu - B.Cu)
[hole_to_hole]: 钻孔太靠近其他孔 (电路板配置约束 最小 0.2495 mm; 实际 0.1500 mm)
    Rule: 电路板配置约束; warning
    @(58.0000 mm, 58.7000 mm): U6 的 NPTH 焊盘
    @(58.0000 mm, 58.0000 mm): 过孔 [/GND] (F.Cu - B.Cu)
[hole_to_hole]: 钻孔太靠近其他孔 (电路板配置约束 最小 0.2495 mm; 实际 0.1500 mm)
    Rule: 电路板配置约束; warning
    @(58.0000 mm, 58.7000 mm): U6 的 NPTH 焊盘
    @(58.0000 mm, 58.0000 mm): 过孔 [/GND] (F.Cu - B.Cu)

** Found 4 unconnected pads **
[unconnected_items]: Missing connection between items
    Local override; error
    @(141.7500 mm, 67.2500 mm): 填充区[/GND]在 B.Cu 上, 优先级 0
    @(141.7500 mm, 67.2500 mm): 填充区[/GND]在 F.Cu 上, 优先级 0
[unconnected_items]: Missing connection between items
    Local override; error
    @(141.7500 mm, 67.2500 mm): 填充区[/GND]在 B.Cu 上, 优先级 0
    @(141.7500 mm, 67.2500 mm): 填充区[/GND]在 GND 上, 优先级 0
[unconnected_items]: Missing connection between items
    Local override; error
    @(141.7500 mm, 67.2500 mm): 填充区[/GND]在 B.Cu 上, 优先级 0
    @(141.7500 mm, 67.2500 mm): 填充区[/GND]在 B.Cu 上, 优先级 0
[unconnected_items]: Missing connection between items
    Local override; error
    @(141.7500 mm, 67.2500 mm): 填充区[/GND]在 GND 上, 优先级 0
    @(141.7500 mm, 67.2500 mm): 填充区[/GND]在 B.Cu 上, 优先级 0

** Found 0 Footprint errors **

** Ignored checks **
    - Footprint has no courtyard defined
    - Track endpoint not centered on via
    - Tuning profile track geometries
    - Footprint doesn't match symbol's footprint filters
    - Footprint component type doesn't match footprint pads

** End of Report **
