** Drc report for cadenza-d1-surface-gnd-candidate.kicad_pcb **
** Created on 2026-07-21T01:11:57 **
** Report includes: Errors, Warnings **

** Found 244 DRC violations **
[drill_out_of_range]: 孔径超出范围 (电路板配置约束 最小孔径 0.3000 mm; 实际 0.2000 mm)
    Rule: 电路板配置约束; error
    @(148.1000 mm, 75.7600 mm): U1 的PTH 焊盘 41 [/GND]
[drill_out_of_range]: 孔径超出范围 (电路板配置约束 最小孔径 0.3000 mm; 实际 0.2000 mm)
    Rule: 电路板配置约束; error
    @(148.1000 mm, 77.1600 mm): U1 的PTH 焊盘 41 [/GND]
[drill_out_of_range]: 孔径超出范围 (电路板配置约束 最小孔径 0.3000 mm; 实际 0.2000 mm)
    Rule: 电路板配置约束; error
    @(148.8000 mm, 75.0600 mm): U1 的PTH 焊盘 41 [/GND]
[drill_out_of_range]: 孔径超出范围 (电路板配置约束 最小孔径 0.3000 mm; 实际 0.2000 mm)
    Rule: 电路板配置约束; error
    @(148.8000 mm, 76.4600 mm): U1 的PTH 焊盘 41 [/GND]
[drill_out_of_range]: 孔径超出范围 (电路板配置约束 最小孔径 0.3000 mm; 实际 0.2000 mm)
    Rule: 电路板配置约束; error
    @(148.8000 mm, 77.8600 mm): U1 的PTH 焊盘 41 [/GND]
[drill_out_of_range]: 孔径超出范围 (电路板配置约束 最小孔径 0.3000 mm; 实际 0.2000 mm)
    Rule: 电路板配置约束; error
    @(149.5000 mm, 75.7600 mm): U1 的PTH 焊盘 41 [/GND]
[drill_out_of_range]: 孔径超出范围 (电路板配置约束 最小孔径 0.3000 mm; 实际 0.2000 mm)
    Rule: 电路板配置约束; error
    @(149.5000 mm, 77.1600 mm): U1 的PTH 焊盘 41 [/GND]
[drill_out_of_range]: 孔径超出范围 (电路板配置约束 最小孔径 0.3000 mm; 实际 0.2000 mm)
    Rule: 电路板配置约束; error
    @(150.2000 mm, 75.0600 mm): U1 的PTH 焊盘 41 [/GND]
[drill_out_of_range]: 孔径超出范围 (电路板配置约束 最小孔径 0.3000 mm; 实际 0.2000 mm)
    Rule: 电路板配置约束; error
    @(150.2000 mm, 76.4600 mm): U1 的PTH 焊盘 41 [/GND]
[drill_out_of_range]: 孔径超出范围 (电路板配置约束 最小孔径 0.3000 mm; 实际 0.2000 mm)
    Rule: 电路板配置约束; error
    @(150.2000 mm, 77.8600 mm): U1 的PTH 焊盘 41 [/GND]
[drill_out_of_range]: 孔径超出范围 (电路板配置约束 最小孔径 0.3000 mm; 实际 0.2000 mm)
    Rule: 电路板配置约束; error
    @(150.9000 mm, 75.7600 mm): U1 的PTH 焊盘 41 [/GND]
[drill_out_of_range]: 孔径超出范围 (电路板配置约束 最小孔径 0.3000 mm; 实际 0.2000 mm)
    Rule: 电路板配置约束; error
    @(150.9000 mm, 77.1600 mm): U1 的PTH 焊盘 41 [/GND]
[drill_out_of_range]: 孔径超出范围 (电路板配置约束 最小孔径 0.3000 mm; 实际 0.2000 mm)
    Rule: 电路板配置约束; error
    @(142.4100 mm, 102.4100 mm): U2 的PTH 焊盘 17 [/GND]
[drill_out_of_range]: 孔径超出范围 (电路板配置约束 最小孔径 0.3000 mm; 实际 0.2000 mm)
    Rule: 电路板配置约束; error
    @(142.4100 mm, 103.5900 mm): U2 的PTH 焊盘 17 [/GND]
[drill_out_of_range]: 孔径超出范围 (电路板配置约束 最小孔径 0.3000 mm; 实际 0.2000 mm)
    Rule: 电路板配置约束; error
    @(143.5900 mm, 102.4100 mm): U2 的PTH 焊盘 17 [/GND]
[drill_out_of_range]: 孔径超出范围 (电路板配置约束 最小孔径 0.3000 mm; 实际 0.2000 mm)
    Rule: 电路板配置约束; error
    @(143.5900 mm, 103.5900 mm): U2 的PTH 焊盘 17 [/GND]
[drill_out_of_range]: 孔径超出范围 (电路板配置约束 最小孔径 0.3000 mm; 实际 0.2000 mm)
    Rule: 电路板配置约束; error
    @(120.0250 mm, 104.0000 mm): U7 的PTH 焊盘 13 [/GND]
[drill_out_of_range]: 孔径超出范围 (电路板配置约束 最小孔径 0.3000 mm; 实际 0.2000 mm)
    Rule: 电路板配置约束; error
    @(121.0000 mm, 103.2750 mm): U7 的PTH 焊盘 13 [/GND]
[drill_out_of_range]: 孔径超出范围 (电路板配置约束 最小孔径 0.3000 mm; 实际 0.2000 mm)
    Rule: 电路板配置约束; error
    @(121.0000 mm, 104.0000 mm): U7 的PTH 焊盘 13 [/GND]
[drill_out_of_range]: 孔径超出范围 (电路板配置约束 最小孔径 0.3000 mm; 实际 0.2000 mm)
    Rule: 电路板配置约束; error
    @(121.0000 mm, 104.7250 mm): U7 的PTH 焊盘 13 [/GND]
[drill_out_of_range]: 孔径超出范围 (电路板配置约束 最小孔径 0.3000 mm; 实际 0.2000 mm)
    Rule: 电路板配置约束; error
    @(121.9750 mm, 104.0000 mm): U7 的PTH 焊盘 13 [/GND]
[drill_out_of_range]: 孔径超出范围 (电路板配置约束 最小孔径 0.3000 mm; 实际 0.2000 mm)
    Rule: 电路板配置约束; error
    @(63.6350 mm, 93.6350 mm): U5 的PTH 焊盘 17 [/GND]
[drill_out_of_range]: 孔径超出范围 (电路板配置约束 最小孔径 0.3000 mm; 实际 0.2000 mm)
    Rule: 电路板配置约束; error
    @(63.6350 mm, 94.3650 mm): U5 的PTH 焊盘 17 [/GND]
[drill_out_of_range]: 孔径超出范围 (电路板配置约束 最小孔径 0.3000 mm; 实际 0.2000 mm)
    Rule: 电路板配置约束; error
    @(64.3650 mm, 93.6350 mm): U5 的PTH 焊盘 17 [/GND]
[drill_out_of_range]: 孔径超出范围 (电路板配置约束 最小孔径 0.3000 mm; 实际 0.2000 mm)
    Rule: 电路板配置约束; error
    @(64.3650 mm, 94.3650 mm): U5 的PTH 焊盘 17 [/GND]
[starved_thermal]: 缓释热焊盘 (花焊盘) 与填充区的连接不完整 (层 F.Cu; 填充区 最小引线数量 2; 实际 1)
    Local override; error
    @(160.2481 mm, 50.0026 mm): 填充区[/GND]在 F.Cu 上, 优先级 0
    @(110.2500 mm, 52.7500 mm): F.Cu 上 J2 的焊盘 10 [/GND]
[starved_thermal]: 缓释热焊盘 (花焊盘) 与填充区的连接不完整 (层 F.Cu; 填充区 最小引线数量 2; 实际 1)
    Local override; error
    @(160.2481 mm, 50.0026 mm): 填充区[/GND]在 F.Cu 上, 优先级 0
    @(104.8000 mm, 107.2550 mm): F.Cu 上 J1 的焊盘 A1 [/GND]
[starved_thermal]: 缓释热焊盘 (花焊盘) 与填充区的连接不完整 (层 F.Cu; 填充区 最小引线数量 2; 实际 1)
    Local override; error
    @(160.2481 mm, 50.0026 mm): 填充区[/GND]在 F.Cu 上, 优先级 0
    @(111.2000 mm, 107.2550 mm): F.Cu 上 J1 的焊盘 A12 [/GND]
[starved_thermal]: 缓释热焊盘 (花焊盘) 与填充区的连接不完整 (层 B.Cu; 填充区 最小引线数量 2; 实际 1)
    Local override; error
    @(160.2481 mm, 50.0026 mm): 填充区[/GND]在 B.Cu 上, 优先级 0
    @(139.7750 mm, 98.0000 mm): B.Cu 上 C2 的焊盘 2 [/GND]
[starved_thermal]: 缓释热焊盘 (花焊盘) 与填充区的连接不完整 (层 F.Cu; 填充区 最小引线数量 2; 实际 1)
    Local override; error
    @(160.2481 mm, 50.0026 mm): 填充区[/GND]在 F.Cu 上, 优先级 0
    @(111.2000 mm, 107.2550 mm): F.Cu 上 J1 的焊盘 B1 [/GND]
[starved_thermal]: 缓释热焊盘 (花焊盘) 与填充区的连接不完整 (层 F.Cu; 填充区 最小引线数量 2; 实际 1)
    Local override; error
    @(160.2481 mm, 50.0026 mm): 填充区[/GND]在 F.Cu 上, 优先级 0
    @(104.8000 mm, 107.2550 mm): F.Cu 上 J1 的焊盘 B12 [/GND]
[starved_thermal]: 缓释热焊盘 (花焊盘) 与填充区的连接不完整 (层 B.Cu; 填充区 最小引线数量 2; 实际 1)
    Local override; error
    @(160.2481 mm, 50.0026 mm): 填充区[/GND]在 B.Cu 上, 优先级 0
    @(129.2750 mm, 78.8000 mm): B.Cu 上 C22 的焊盘 2 [/GND]
[starved_thermal]: 缓释热焊盘 (花焊盘) 与填充区的连接不完整 (层 B.Cu; 填充区 最小引线数量 2; 实际 1)
    Local override; error
    @(160.2481 mm, 50.0026 mm): 填充区[/GND]在 B.Cu 上, 优先级 0
    @(134.7400 mm, 80.5000 mm): B.Cu 上 U4 的焊盘 4 [/GND]
[starved_thermal]: 缓释热焊盘 (花焊盘) 与填充区的连接不完整 (层 F.Cu; 填充区 最小引线数量 2; 实际 1)
    Local override; error
    @(160.2481 mm, 50.0026 mm): 填充区[/GND]在 F.Cu 上, 优先级 0
    @(63.6350 mm, 94.3650 mm): U5 的PTH 焊盘 17 [/GND]
[starved_thermal]: 缓释热焊盘 (花焊盘) 与填充区的连接不完整 (层 F.Cu; 填充区 最小引线数量 2; 实际 1)
    Local override; error
    @(160.2481 mm, 50.0026 mm): 填充区[/GND]在 F.Cu 上, 优先级 0
    @(64.3650 mm, 94.3650 mm): U5 的PTH 焊盘 17 [/GND]
[starved_thermal]: 缓释热焊盘 (花焊盘) 与填充区的连接不完整 (层 B.Cu; 填充区 最小引线数量 2; 实际 1)
    Local override; error
    @(160.2481 mm, 50.0026 mm): 填充区[/GND]在 B.Cu 上, 优先级 0
    @(128.7500 mm, 93.0400 mm): B.Cu 上 U3 的焊盘 4 [/GND]
[starved_thermal]: 缓释热焊盘 (花焊盘) 与填充区的连接不完整 (层 B.Cu; 填充区 最小引线数量 2; 实际 1)
    Local override; error
    @(160.2481 mm, 50.0026 mm): 填充区[/GND]在 B.Cu 上, 优先级 0
    @(126.6000 mm, 93.4600 mm): B.Cu 上 U3 的焊盘 15 [/GND]
[starved_thermal]: 缓释热焊盘 (花焊盘) 与填充区的连接不完整 (层 B.Cu; 填充区 最小引线数量 2; 实际 1)
    Local override; error
    @(160.2481 mm, 50.0026 mm): 填充区[/GND]在 B.Cu 上, 优先级 0
    @(139.7750 mm, 100.8000 mm): B.Cu 上 C3 的焊盘 2 [/GND]
[starved_thermal]: 缓释热焊盘 (花焊盘) 与填充区的连接不完整 (层 B.Cu; 填充区 最小引线数量 2; 实际 1)
    Local override; error
    @(160.2481 mm, 50.0026 mm): 填充区[/GND]在 B.Cu 上, 优先级 0
    @(142.2500 mm, 104.4625 mm): B.Cu 上 U2 的焊盘 5 [/GND]
[starved_thermal]: 缓释热焊盘 (花焊盘) 与填充区的连接不完整 (层 B.Cu; 填充区 最小引线数量 2; 实际 1)
    Local override; error
    @(160.2481 mm, 50.0026 mm): 填充区[/GND]在 B.Cu 上, 优先级 0
    @(143.5900 mm, 102.4100 mm): U2 的PTH 焊盘 17 [/GND]
[starved_thermal]: 缓释热焊盘 (花焊盘) 与填充区的连接不完整 (层 B.Cu; 填充区 最小引线数量 2; 实际 1)
    Local override; error
    @(160.2481 mm, 50.0026 mm): 填充区[/GND]在 B.Cu 上, 优先级 0
    @(143.5900 mm, 103.5900 mm): U2 的PTH 焊盘 17 [/GND]
[starved_thermal]: 缓释热焊盘 (花焊盘) 与填充区的连接不完整 (层 B.Cu; 填充区 最小引线数量 2; 实际 1)
    Local override; error
    @(160.2481 mm, 50.0026 mm): 填充区[/GND]在 B.Cu 上, 优先级 0
    @(65.4375 mm, 93.7500 mm): B.Cu 上 U5 的焊盘 11 [/GND]
[starved_thermal]: 缓释热焊盘 (花焊盘) 与填充区的连接不完整 (层 B.Cu; 填充区 最小引线数量 2; 实际 1)
    Local override; error
    @(160.2481 mm, 50.0026 mm): 填充区[/GND]在 B.Cu 上, 优先级 0
    @(63.6350 mm, 94.3650 mm): U5 的PTH 焊盘 17 [/GND]
[starved_thermal]: 缓释热焊盘 (花焊盘) 与填充区的连接不完整 (层 B.Cu; 填充区 最小引线数量 2; 实际 1)
    Local override; error
    @(160.2481 mm, 50.0026 mm): 填充区[/GND]在 B.Cu 上, 优先级 0
    @(64.3650 mm, 94.3650 mm): U5 的PTH 焊盘 17 [/GND]
[silk_edge_clearance]: Silkscreen clipped by board edge
    Rule: <电路板配置> 中的 "丝印" 约束; warning
    @(50.0000 mm, 108.0000 mm): Edge.Cuts 上的 线段
    @(49.4000 mm, 90.1000 mm): SW1 的 线段, 位于 F.Silkscreen
[silk_edge_clearance]: Silkscreen clipped by board edge
    Rule: <电路板配置> 中的 "丝印" 约束; warning
    @(56.0000 mm, 50.0000 mm): Edge.Cuts 上的 线段
    @(120.0000 mm, 49.0000 mm): H2 的 圆形, 位于 F.Silkscreen
[lib_footprint_mismatch]: 封装 'Sharp_LS027B7DH01_Mechanical' 与库 'Cadenza_D1' 中的副本不匹配
    Local override; warning
    @(108.0000 mm, 82.0000 mm): 封装 LCD1
[lib_footprint_issues]: 在库 'Cadenza_D1' 中找不到封装 'H4'
    Local override; warning
    @(161.0000 mm, 109.0000 mm): 封装 H4
[lib_footprint_mismatch]: 封装 'microSD_HC_Hirose_DM3AT-SF-PEJM5' 与库 'Connector_Card' 中的副本不匹配
    Local override; warning
    @(151.0000 mm, 104.0000 mm): 封装 J3
[lib_footprint_issues]: 在库 'Cadenza_D1' 中找不到封装 'H3'
    Local override; warning
    @(55.0000 mm, 109.0000 mm): 封装 H3
[lib_footprint_issues]: 在库 'Cadenza_D1' 中找不到封装 'H2'
    Local override; warning
    @(120.0000 mm, 49.0000 mm): 封装 H2
[lib_footprint_issues]: 在库 'Cadenza_D1' 中找不到封装 'H1'
    Local override; warning
    @(55.0000 mm, 55.0000 mm): 封装 H1
[lib_footprint_mismatch]: 封装 'SOT-23-6' 与库 'Package_TO_SOT_SMD' 中的副本不匹配
    Local override; warning
    @(116.0000 mm, 101.0000 mm): 封装 U8
[lib_footprint_mismatch]: 封装 'SW_Push_1P1T_NO_CK_KMR2' 与库 'Button_Switch_SMD' 中的副本不匹配
    Local override; warning
    @(94.0000 mm, 106.0000 mm): 封装 SW5
[lib_footprint_mismatch]: 封装 'ESP32-S3-WROOM-1' 与库 'RF_Module' 中的副本不匹配
    Local override; warning
    @(151.0000 mm, 74.0000 mm): 封装 U1
[lib_footprint_mismatch]: 封装 'SW_Push_1P1T_NO_CK_KMR2' 与库 'Button_Switch_SMD' 中的副本不匹配
    Local override; warning
    @(86.0000 mm, 106.0000 mm): 封装 SW4
[lib_footprint_mismatch]: 封装 'JST_PH_B2B-PH-SM4-TB_1x02-1MP_P2.00mm_Vertical' 与库 'Connector_JST' 中的副本不匹配
    Local override; warning
    @(76.0000 mm, 106.0000 mm): 封装 J4
[lib_footprint_mismatch]: 封装 'TI_DRL0006A_SOT-563' 与库 'Cadenza_D1' 中的副本不匹配
    Local override; warning
    @(134.0000 mm, 80.0000 mm): 封装 U4
[lib_footprint_mismatch]: 封装 'JST_PH_B2B-PH-SM4-TB_1x02-1MP_P2.00mm_Vertical' 与库 'Connector_JST' 中的副本不匹配
    Local override; warning
    @(62.0000 mm, 106.0000 mm): 封装 J5
[lib_footprint_mismatch]: 封装 'VQFN-16-1EP_3x3mm_P0.5mm_EP1.68x1.68mm_ThermalVias' 与库 'Package_DFN_QFN' 中的副本不匹配
    Local override; warning
    @(143.0000 mm, 103.0000 mm): 封装 U2
[lib_footprint_mismatch]: 封装 'TQFN-16-1EP_3x3mm_P0.5mm_EP1.23x1.23mm_ThermalVias' 与库 'Package_DFN_QFN' 中的副本不匹配
    Local override; warning
    @(64.0000 mm, 94.0000 mm): 封装 U5
[silk_overlap]: Silkscreen clearance
    Rule: <电路板配置> 中的 "丝印" 约束; warning
    @(161.0000 mm, 109.0000 mm): H4 的 圆形, 位于 F.Silkscreen
    @(161.0000 mm, 107.0000 mm): H4 的参考字段
[silk_overlap]: Silkscreen clearance
    Rule: <电路板配置> 中的 "丝印" 约束; warning
    @(120.0000 mm, 49.0000 mm): H2 的 圆形, 位于 F.Silkscreen
    @(120.0000 mm, 47.0000 mm): H2 的参考字段
[silk_overlap]: Silkscreen clearance
    Rule: <电路板配置> 中的 "丝印" 约束; warning
    @(55.0000 mm, 107.0000 mm): H3 的参考字段
    @(55.0000 mm, 109.0000 mm): H3 的 圆形, 位于 F.Silkscreen
[silk_overlap]: Silkscreen clearance
    Rule: <电路板配置> 中的 "丝印" 约束; warning
    @(55.0000 mm, 53.0000 mm): H1 的参考字段
    @(55.0000 mm, 55.0000 mm): H1 的 圆形, 位于 F.Silkscreen
[silk_overlap]: Silkscreen clearance
    Rule: <电路板配置> 中的 "丝印" 约束; warning
    @(55.0000 mm, 55.0000 mm): H1 的 圆形, 位于 F.Silkscreen
    @(55.8000 mm, 56.2500 mm): U6 的 线段, 位于 F.Silkscreen
[silk_over_copper]: Silkscreen clipped by solder mask
    Local override; warning
    @(104.4000 mm, 52.4000 mm): J2 的 线段, 位于 F.Silkscreen
    @(105.7500 mm, 52.7500 mm): F.Cu 上 J2 的焊盘 1 [/LCD_SCLK]
[silk_over_copper]: Silkscreen clipped by solder mask
    Local override; warning
    @(104.4000 mm, 52.4000 mm): J2 的 线段, 位于 F.Silkscreen
    @(106.2500 mm, 52.7500 mm): F.Cu 上 J2 的焊盘 2 [/LCD_SI]
[silk_over_copper]: Silkscreen clipped by solder mask
    Local override; warning
    @(104.4000 mm, 52.4000 mm): J2 的 线段, 位于 F.Silkscreen
    @(106.7500 mm, 52.7500 mm): F.Cu 上 J2 的焊盘 3 [/LCD_SCS]
[silk_over_copper]: Silkscreen clipped by solder mask
    Local override; warning
    @(104.4000 mm, 52.4000 mm): J2 的 线段, 位于 F.Silkscreen
    @(107.2500 mm, 52.7500 mm): F.Cu 上 J2 的焊盘 4 [/LCD_EXTCOMIN]
[silk_over_copper]: Silkscreen clipped by solder mask
    Local override; warning
    @(104.4000 mm, 52.4000 mm): J2 的 线段, 位于 F.Silkscreen
    @(109.7500 mm, 52.7500 mm): F.Cu 上 J2 的焊盘 9 [/GND]
[silk_over_copper]: Silkscreen clipped by solder mask
    Local override; warning
    @(104.4000 mm, 52.4000 mm): J2 的 线段, 位于 F.Silkscreen
    @(110.2500 mm, 52.7500 mm): F.Cu 上 J2 的焊盘 10 [/GND]
[silk_over_copper]: Silkscreen clipped by solder mask
    Local override; warning
    @(104.4000 mm, 52.4000 mm): J2 的 线段, 位于 F.Silkscreen
    @(107.7500 mm, 52.7500 mm): F.Cu 上 J2 的焊盘 5 [/LCD_DISP]
[silk_over_copper]: Silkscreen clipped by solder mask
    Local override; warning
    @(104.4000 mm, 52.4000 mm): J2 的 线段, 位于 F.Silkscreen
    @(108.2500 mm, 52.7500 mm): F.Cu 上 J2 的焊盘 6 [/+5V_LCD]
[silk_over_copper]: Silkscreen clipped by solder mask
    Local override; warning
    @(104.4000 mm, 52.4000 mm): J2 的 线段, 位于 F.Silkscreen
    @(108.7500 mm, 52.7500 mm): F.Cu 上 J2 的焊盘 7 [/+5V_LCD]
[silk_over_copper]: Silkscreen clipped by solder mask
    Local override; warning
    @(104.4000 mm, 52.4000 mm): J2 的 线段, 位于 F.Silkscreen
    @(109.2500 mm, 52.7500 mm): F.Cu 上 J2 的焊盘 8 [/LCD_EXTMODE]
[silk_over_copper]: Silkscreen clipped by solder mask
    Local override; warning
    @(104.4000 mm, 55.6000 mm): J2 的 线段, 位于 F.Silkscreen
    @(104.7000 mm, 54.6500 mm): F.Cu 上 J2 的焊盘 MP [<no net>]
[silk_over_copper]: Silkscreen clipped by solder mask
    Local override; warning
    @(111.6000 mm, 52.4000 mm): J2 的 线段, 位于 F.Silkscreen
    @(111.3000 mm, 54.6500 mm): F.Cu 上 J2 的焊盘 MP [<no net>]
[silk_over_copper]: Silkscreen clipped by solder mask
    Local override; warning
    @(126.6000 mm, 92.3500 mm): U3 的 线段, 位于 B.Silkscreen
    @(126.7700 mm, 94.7100 mm): B.Cu 上 U3 的焊盘 13 [/VSYS]
[silk_over_copper]: Silkscreen clipped by solder mask
    Local override; warning
    @(126.6000 mm, 92.3500 mm): U3 的 线段, 位于 B.Silkscreen
    @(126.6000 mm, 94.4600 mm): B.Cu 上 U3 的焊盘 13 [/VSYS]
[silk_over_copper]: Silkscreen clipped by solder mask
    Local override; warning
    @(126.6000 mm, 92.3500 mm): U3 的 线段, 位于 B.Silkscreen
    @(126.6000 mm, 94.9600 mm): B.Cu 上 U3 的焊盘 12 [/VSYS]
[silk_over_copper]: Silkscreen clipped by solder mask
    Local override; warning
    @(126.6000 mm, 92.3500 mm): U3 的 线段, 位于 B.Silkscreen
    @(126.6000 mm, 93.9600 mm): B.Cu 上 U3 的焊盘 14 [/RUN_EN]
[silk_over_copper]: Silkscreen clipped by solder mask
    Local override; warning
    @(126.6000 mm, 92.3500 mm): U3 的 线段, 位于 B.Silkscreen
    @(126.6000 mm, 93.4600 mm): B.Cu 上 U3 的焊盘 15 [/GND]
[silk_over_copper]: Silkscreen clipped by solder mask
    Local override; warning
    @(126.6000 mm, 95.6500 mm): U3 的 线段, 位于 B.Silkscreen
    @(128.5000 mm, 94.9600 mm): B.Cu 上 U3 的焊盘 9 [/L3V3_B]
[silk_over_copper]: Silkscreen clipped by solder mask
    Local override; warning
    @(126.6000 mm, 95.6500 mm): U3 的 线段, 位于 B.Silkscreen
    @(128.0000 mm, 94.7300 mm): B.Cu 上 U3 的焊盘 10 [/GND]
[silk_over_copper]: Silkscreen clipped by solder mask
    Local override; warning
    @(126.6000 mm, 95.6500 mm): U3 的 线段, 位于 B.Silkscreen
    @(127.5000 mm, 94.9600 mm): B.Cu 上 U3 的焊盘 11 [/L3V3_A]
[silk_over_copper]: Silkscreen clipped by solder mask
    Local override; warning
    @(129.4000 mm, 95.6500 mm): U3 的 线段, 位于 B.Silkscreen
    @(129.4000 mm, 94.4600 mm): B.Cu 上 U3 的焊盘 7 [/+3V3_MAIN]
[silk_over_copper]: Silkscreen clipped by solder mask
    Local override; warning
    @(129.4000 mm, 95.6500 mm): U3 的 线段, 位于 B.Silkscreen
    @(129.2300 mm, 94.7100 mm): B.Cu 上 U3 的焊盘 8 [/+3V3_MAIN]
[silk_over_copper]: Silkscreen clipped by solder mask
    Local override; warning
    @(129.4000 mm, 95.6500 mm): U3 的 线段, 位于 B.Silkscreen
    @(129.4000 mm, 94.9600 mm): B.Cu 上 U3 的焊盘 8 [/+3V3_MAIN]
[silk_over_copper]: Silkscreen clipped by solder mask
    Local override; warning
    @(129.4000 mm, 95.6500 mm): U3 的 线段, 位于 B.Silkscreen
    @(129.4000 mm, 93.4600 mm): B.Cu 上 U3 的焊盘 5 [/FB_3V3]
[silk_over_copper]: Silkscreen clipped by solder mask
    Local override; warning
    @(129.4000 mm, 95.6500 mm): U3 的 线段, 位于 B.Silkscreen
    @(129.4000 mm, 93.9600 mm): B.Cu 上 U3 的焊盘 6 [/GND]
[silk_over_copper]: Silkscreen clipped by solder mask
    Local override; warning
    @(132.0000 mm, 91.7200 mm): L1 的参考字段
    @(132.6000 mm, 90.0000 mm): B.Cu 上 L2 的焊盘 1 [/VSYS]
[silk_over_copper]: Silkscreen clipped by solder mask
    Local override; warning
    @(133.0000 mm, 80.8500 mm): U4 的 线段, 位于 B.Silkscreen
    @(133.2600 mm, 80.0000 mm): B.Cu 上 U4 的焊盘 2 [/RUN_EN]
[silk_over_copper]: Silkscreen clipped by solder mask
    Local override; warning
    @(133.0000 mm, 80.8500 mm): U4 的 线段, 位于 B.Silkscreen
    @(133.2600 mm, 80.5000 mm): B.Cu 上 U4 的焊盘 3 [/VSYS]
[silk_over_copper]: Silkscreen clipped by solder mask
    Local override; warning
    @(133.0000 mm, 80.8500 mm): U4 的 线段, 位于 B.Silkscreen
    @(133.2600 mm, 79.5000 mm): B.Cu 上 U4 的焊盘 1 [/FB_5V]
[silk_over_copper]: Silkscreen clipped by solder mask
    Local override; warning
    @(135.0000 mm, 79.1500 mm): U4 的 线段, 位于 B.Silkscreen
    @(134.7400 mm, 80.5000 mm): B.Cu 上 U4 的焊盘 4 [/GND]
[silk_over_copper]: Silkscreen clipped by solder mask
    Local override; warning
    @(135.0000 mm, 79.1500 mm): U4 的 线段, 位于 B.Silkscreen
    @(134.7400 mm, 80.0000 mm): B.Cu 上 U4 的焊盘 5 [/BOOST_SW]
[silk_over_copper]: Silkscreen clipped by solder mask
    Local override; warning
    @(135.0000 mm, 79.1500 mm): U4 的 线段, 位于 B.Silkscreen
    @(134.7400 mm, 79.5000 mm): B.Cu 上 U4 的焊盘 6 [/+5V_MEDIA]
[nonmirrored_text_on_back_layer]: Non-Mirrored text on back layer
    Local override; warning
    @(116.0000 mm, 98.6000 mm): U8 的参考字段
[nonmirrored_text_on_back_layer]: Non-Mirrored text on back layer
    Local override; warning
    @(116.0000 mm, 103.4000 mm): U8 的值字段 (USBLC6-2SC6)
[nonmirrored_text_on_back_layer]: Non-Mirrored text on back layer
    Local override; warning
    @(116.0000 mm, 101.0000 mm): U8 的封装文本 (U8),
[nonmirrored_text_on_back_layer]: Non-Mirrored text on back layer
    Local override; warning
    @(132.0000 mm, 82.5700 mm): FB1 的参考字段
[nonmirrored_text_on_back_layer]: Non-Mirrored text on back layer
    Local override; warning
    @(132.0000 mm, 85.4300 mm): FB1 的值字段 (600R@100MHz)
[nonmirrored_text_on_back_layer]: Non-Mirrored text on back layer
    Local override; warning
    @(132.0000 mm, 84.0000 mm): FB1 的封装文本 (FB1),
[nonmirrored_text_on_back_layer]: Non-Mirrored text on back layer
    Local override; warning
    @(132.0000 mm, 102.1700 mm): R5 的参考字段
[nonmirrored_text_on_back_layer]: Non-Mirrored text on back layer
    Local override; warning
    @(132.0000 mm, 105.0300 mm): R5 的值字段 (1.5k)
[nonmirrored_text_on_back_layer]: Non-Mirrored text on back layer
    Local override; warning
    @(132.0000 mm, 103.6000 mm): R5 的封装文本 (R5),
[nonmirrored_text_on_back_layer]: Non-Mirrored text on back layer
    Local override; warning
    @(106.0000 mm, 99.3700 mm): R71 的参考字段
[nonmirrored_text_on_back_layer]: Non-Mirrored text on back layer
    Local override; warning
    @(106.0000 mm, 102.2300 mm): R71 的值字段 (4.7k)
[nonmirrored_text_on_back_layer]: Non-Mirrored text on back layer
    Local override; warning
    @(106.0000 mm, 100.8000 mm): R71 的封装文本 (R71),
[nonmirrored_text_on_back_layer]: Non-Mirrored text on back layer
    Local override; warning
    @(94.0000 mm, 103.5500 mm): SW5 的参考字段
[nonmirrored_text_on_back_layer]: Non-Mirrored text on back layer
    Local override; warning
    @(94.0000 mm, 108.5500 mm): SW5 的值字段 (BOOT)
[nonmirrored_text_on_back_layer]: Non-Mirrored text on back layer
    Local override; warning
    @(94.0000 mm, 103.5500 mm): SW5 的封装文本 (SW5),
[nonmirrored_text_on_back_layer]: Non-Mirrored text on back layer
    Local override; warning
    @(135.5000 mm, 99.3700 mm): R7 的参考字段
[nonmirrored_text_on_back_layer]: Non-Mirrored text on back layer
    Local override; warning
    @(135.5000 mm, 102.2300 mm): R7 的值字段 (10k)
[nonmirrored_text_on_back_layer]: Non-Mirrored text on back layer
    Local override; warning
    @(135.5000 mm, 100.8000 mm): R7 的封装文本 (R7),
[nonmirrored_text_on_back_layer]: Non-Mirrored text on back layer
    Local override; warning
    @(119.5000 mm, 92.1700 mm): C13 的参考字段
[nonmirrored_text_on_back_layer]: Non-Mirrored text on back layer
    Local override; warning
    @(119.5000 mm, 95.0300 mm): C13 的值字段 (22uF)
[nonmirrored_text_on_back_layer]: Non-Mirrored text on back layer
    Local override; warning
    @(119.5000 mm, 93.6000 mm): C13 的封装文本 (C13),
[nonmirrored_text_on_back_layer]: Non-Mirrored text on back layer
    Local override; warning
    @(140.5000 mm, 85.4000 mm): U1 的参考字段
[nonmirrored_text_on_back_layer]: Non-Mirrored text on back layer
    Local override; warning
    @(151.0000 mm, 88.6000 mm): U1 的值字段 (ESP32-S3-WROOM-1-N16R8)
[nonmirrored_text_on_back_layer]: Non-Mirrored text on back layer
    Local override; warning
    @(151.0000 mm, 73.4000 mm): U1 的封装文本 (U1),
[nonmirrored_text_on_back_layer]: Non-Mirrored text on back layer
    Local override; warning
    @(123.0000 mm, 86.5700 mm): C14 的参考字段
[nonmirrored_text_on_back_layer]: Non-Mirrored text on back layer
    Local override; warning
    @(123.0000 mm, 89.4300 mm): C14 的值字段 (100nF)
[nonmirrored_text_on_back_layer]: Non-Mirrored text on back layer
    Local override; warning
    @(123.0000 mm, 88.0000 mm): C14 的封装文本 (C14),
[nonmirrored_text_on_back_layer]: Non-Mirrored text on back layer
    Local override; warning
    @(132.0000 mm, 99.3700 mm): R4 的参考字段
[nonmirrored_text_on_back_layer]: Non-Mirrored text on back layer
    Local override; warning
    @(132.0000 mm, 102.2300 mm): R4 的值字段 (1.18k)
[nonmirrored_text_on_back_layer]: Non-Mirrored text on back layer
    Local override; warning
    @(132.0000 mm, 100.8000 mm): R4 的封装文本 (R4),
[nonmirrored_text_on_back_layer]: Non-Mirrored text on back layer
    Local override; warning
    @(132.0000 mm, 91.7200 mm): L1 的参考字段
[nonmirrored_text_on_back_layer]: Non-Mirrored text on back layer
    Local override; warning
    @(132.0000 mm, 96.2800 mm): L1 的值字段 (1.2uH Isat>=4.5A)
[nonmirrored_text_on_back_layer]: Non-Mirrored text on back layer
    Local override; warning
    @(132.0000 mm, 94.0000 mm): L1 的封装文本 (L1),
[nonmirrored_text_on_back_layer]: Non-Mirrored text on back layer
    Local override; warning
    @(64.0000 mm, 56.5700 mm): R40 的参考字段
[nonmirrored_text_on_back_layer]: Non-Mirrored text on back layer
    Local override; warning
    @(64.0000 mm, 59.4300 mm): R40 的值字段 (100R)
[nonmirrored_text_on_back_layer]: Non-Mirrored text on back layer
    Local override; warning
    @(64.0000 mm, 58.0000 mm): R40 的封装文本 (R40),
[nonmirrored_text_on_back_layer]: Non-Mirrored text on back layer
    Local override; warning
    @(139.0000 mm, 96.5700 mm): C2 的参考字段
[nonmirrored_text_on_back_layer]: Non-Mirrored text on back layer
    Local override; warning
    @(139.0000 mm, 99.4300 mm): C2 的值字段 (10uF)
[nonmirrored_text_on_back_layer]: Non-Mirrored text on back layer
    Local override; warning
    @(139.0000 mm, 98.0000 mm): C2 的封装文本 (C2),
[nonmirrored_text_on_back_layer]: Non-Mirrored text on back layer
    Local override; warning
    @(119.5000 mm, 86.5700 mm): C11 的参考字段
[nonmirrored_text_on_back_layer]: Non-Mirrored text on back layer
    Local override; warning
    @(119.5000 mm, 89.4300 mm): C11 的值字段 (10uF)
[nonmirrored_text_on_back_layer]: Non-Mirrored text on back layer
    Local override; warning
    @(119.5000 mm, 88.0000 mm): C11 的封装文本 (C11),
[nonmirrored_text_on_back_layer]: Non-Mirrored text on back layer
    Local override; warning
    @(100.0000 mm, 101.3700 mm): R2 的参考字段
[nonmirrored_text_on_back_layer]: Non-Mirrored text on back layer
    Local override; warning
    @(100.0000 mm, 104.2300 mm): R2 的值字段 (5.1k)
[nonmirrored_text_on_back_layer]: Non-Mirrored text on back layer
    Local override; warning
    @(100.0000 mm, 102.8000 mm): R2 的封装文本 (R2),
[nonmirrored_text_on_back_layer]: Non-Mirrored text on back layer
    Local override; warning
    @(128.5000 mm, 77.3700 mm): C22 的参考字段
[nonmirrored_text_on_back_layer]: Non-Mirrored text on back layer
    Local override; warning
    @(128.5000 mm, 80.2300 mm): C22 的值字段 (22uF)
[nonmirrored_text_on_back_layer]: Non-Mirrored text on back layer
    Local override; warning
    @(128.5000 mm, 78.8000 mm): C22 的封装文本 (C22),
[nonmirrored_text_on_back_layer]: Non-Mirrored text on back layer
    Local override; warning
    @(109.5000 mm, 96.5700 mm): R73 的参考字段
[nonmirrored_text_on_back_layer]: Non-Mirrored text on back layer
    Local override; warning
    @(109.5000 mm, 99.4300 mm): R73 的值字段 (0.01R 1%)
[nonmirrored_text_on_back_layer]: Non-Mirrored text on back layer
    Local override; warning
    @(109.5000 mm, 98.0000 mm): R73 的封装文本 (R73),
[nonmirrored_text_on_back_layer]: Non-Mirrored text on back layer
    Local override; warning
    @(88.0000 mm, 99.3700 mm): C80 的参考字段
[nonmirrored_text_on_back_layer]: Non-Mirrored text on back layer
    Local override; warning
    @(88.0000 mm, 102.2300 mm): C80 的值字段 (1uF)
[nonmirrored_text_on_back_layer]: Non-Mirrored text on back layer
    Local override; warning
    @(88.0000 mm, 100.8000 mm): C80 的封装文本 (C80),
[nonmirrored_text_on_back_layer]: Non-Mirrored text on back layer
    Local override; warning
    @(86.0000 mm, 103.5500 mm): SW4 的参考字段
[nonmirrored_text_on_back_layer]: Non-Mirrored text on back layer
    Local override; warning
    @(86.0000 mm, 108.5500 mm): SW4 的值字段 (RESET)
[nonmirrored_text_on_back_layer]: Non-Mirrored text on back layer
    Local override; warning
    @(86.0000 mm, 103.5500 mm): SW4 的封装文本 (SW4),
[nonmirrored_text_on_back_layer]: Non-Mirrored text on back layer
    Local override; warning
    @(106.0000 mm, 96.5700 mm): R70 的参考字段
[nonmirrored_text_on_back_layer]: Non-Mirrored text on back layer
    Local override; warning
    @(106.0000 mm, 99.4300 mm): R70 的值字段 (4.7k)
[nonmirrored_text_on_back_layer]: Non-Mirrored text on back layer
    Local override; warning
    @(106.0000 mm, 98.0000 mm): R70 的封装文本 (R70),
[nonmirrored_text_on_back_layer]: Non-Mirrored text on back layer
    Local override; warning
    @(76.0000 mm, 100.5500 mm): J4 的参考字段
[nonmirrored_text_on_back_layer]: Non-Mirrored text on back layer
    Local override; warning
    @(76.0000 mm, 110.4500 mm): J4 的值字段 (LiPo 1S)
[nonmirrored_text_on_back_layer]: Non-Mirrored text on back layer
    Local override; warning
    @(76.0000 mm, 105.0000 mm): J4 的封装文本 (J4),
[nonmirrored_text_on_back_layer]: Non-Mirrored text on back layer
    Local override; warning
    @(106.0000 mm, 102.1700 mm): R72 的参考字段
[nonmirrored_text_on_back_layer]: Non-Mirrored text on back layer
    Local override; warning
    @(106.0000 mm, 105.0300 mm): R72 的值字段 (10k)
[nonmirrored_text_on_back_layer]: Non-Mirrored text on back layer
    Local override; warning
    @(106.0000 mm, 103.6000 mm): R72 的封装文本 (R72),
[nonmirrored_text_on_back_layer]: Non-Mirrored text on back layer
    Local override; warning
    @(116.0000 mm, 86.5700 mm): R10 的参考字段
[nonmirrored_text_on_back_layer]: Non-Mirrored text on back layer
    Local override; warning
    @(116.0000 mm, 89.4300 mm): R10 的值字段 (470k)
[nonmirrored_text_on_back_layer]: Non-Mirrored text on back layer
    Local override; warning
    @(116.0000 mm, 88.0000 mm): R10 的封装文本 (R10),
[nonmirrored_text_on_back_layer]: Non-Mirrored text on back layer
    Local override; warning
    @(88.0000 mm, 96.5700 mm): R80 的参考字段
[nonmirrored_text_on_back_layer]: Non-Mirrored text on back layer
    Local override; warning
    @(88.0000 mm, 99.4300 mm): R80 的值字段 (10k)
[nonmirrored_text_on_back_layer]: Non-Mirrored text on back layer
    Local override; warning
    @(88.0000 mm, 98.0000 mm): R80 的封装文本 (R80),
[nonmirrored_text_on_back_layer]: Non-Mirrored text on back layer
    Local override; warning
    @(134.0000 mm, 77.0000 mm): U4 的参考字段
[nonmirrored_text_on_back_layer]: Non-Mirrored text on back layer
    Local override; warning
    @(134.0000 mm, 83.0000 mm): U4 的值字段 (TPS61023DRLR)
[nonmirrored_text_on_back_layer]: Non-Mirrored text on back layer
    Local override; warning
    @(70.0000 mm, 91.3700 mm): C50 的参考字段
[nonmirrored_text_on_back_layer]: Non-Mirrored text on back layer
    Local override; warning
    @(70.0000 mm, 94.2300 mm): C50 的值字段 (10uF)
[nonmirrored_text_on_back_layer]: Non-Mirrored text on back layer
    Local override; warning
    @(70.0000 mm, 92.8000 mm): C50 的封装文本 (C50),
[nonmirrored_text_on_back_layer]: Non-Mirrored text on back layer
    Local override; warning
    @(109.5000 mm, 99.3700 mm): C70 的参考字段
[nonmirrored_text_on_back_layer]: Non-Mirrored text on back layer
    Local override; warning
    @(109.5000 mm, 102.2300 mm): C70 的值字段 (1uF)
[nonmirrored_text_on_back_layer]: Non-Mirrored text on back layer
    Local override; warning
    @(109.5000 mm, 100.8000 mm): C70 的封装文本 (C70),
[nonmirrored_text_on_back_layer]: Non-Mirrored text on back layer
    Local override; warning
    @(62.0000 mm, 100.5500 mm): J5 的参考字段
[nonmirrored_text_on_back_layer]: Non-Mirrored text on back layer
    Local override; warning
    @(62.0000 mm, 110.4500 mm): J5 的值字段 (Speaker 8R 1-2W)
[nonmirrored_text_on_back_layer]: Non-Mirrored text on back layer
    Local override; warning
    @(62.0000 mm, 105.0000 mm): J5 的封装文本 (J5),
[nonmirrored_text_on_back_layer]: Non-Mirrored text on back layer
    Local override; warning
    @(125.0000 mm, 74.5700 mm): R20 的参考字段
[nonmirrored_text_on_back_layer]: Non-Mirrored text on back layer
    Local override; warning
    @(125.0000 mm, 77.4300 mm): R20 的值字段 (732k)
[nonmirrored_text_on_back_layer]: Non-Mirrored text on back layer
    Local override; warning
    @(125.0000 mm, 76.0000 mm): R20 的封装文本 (R20),
[nonmirrored_text_on_back_layer]: Non-Mirrored text on back layer
    Local override; warning
    @(64.0000 mm, 59.3700 mm): C40 的参考字段
[nonmirrored_text_on_back_layer]: Non-Mirrored text on back layer
    Local override; warning
    @(64.0000 mm, 62.2300 mm): C40 的值字段 (100nF)
[nonmirrored_text_on_back_layer]: Non-Mirrored text on back layer
    Local override; warning
    @(64.0000 mm, 60.8000 mm): C40 的封装文本 (C40),
[nonmirrored_text_on_back_layer]: Non-Mirrored text on back layer
    Local override; warning
    @(128.5000 mm, 74.5700 mm): C21 的参考字段
[nonmirrored_text_on_back_layer]: Non-Mirrored text on back layer
    Local override; warning
    @(128.5000 mm, 77.4300 mm): C21 的值字段 (22uF)
[nonmirrored_text_on_back_layer]: Non-Mirrored text on back layer
    Local override; warning
    @(128.5000 mm, 76.0000 mm): C21 的封装文本 (C21),
[nonmirrored_text_on_back_layer]: Non-Mirrored text on back layer
    Local override; warning
    @(116.0000 mm, 92.1700 mm): C10 的参考字段
[nonmirrored_text_on_back_layer]: Non-Mirrored text on back layer
    Local override; warning
    @(116.0000 mm, 95.0300 mm): C10 的值字段 (10uF)
[nonmirrored_text_on_back_layer]: Non-Mirrored text on back layer
    Local override; warning
    @(116.0000 mm, 93.6000 mm): C10 的封装文本 (C10),
[nonmirrored_text_on_back_layer]: Non-Mirrored text on back layer
    Local override; warning
    @(135.5000 mm, 102.1700 mm): C1 的参考字段
[nonmirrored_text_on_back_layer]: Non-Mirrored text on back layer
    Local override; warning
    @(135.5000 mm, 105.0300 mm): C1 的值字段 (10uF)
[nonmirrored_text_on_back_layer]: Non-Mirrored text on back layer
    Local override; warning
    @(135.5000 mm, 103.6000 mm): C1 的封装文本 (C1),
[nonmirrored_text_on_back_layer]: Non-Mirrored text on back layer
    Local override; warning
    @(114.0000 mm, 55.5700 mm): C30 的参考字段
[nonmirrored_text_on_back_layer]: Non-Mirrored text on back layer
    Local override; warning
    @(114.0000 mm, 58.4300 mm): C30 的值字段 (1uF)
[nonmirrored_text_on_back_layer]: Non-Mirrored text on back layer
    Local override; warning
    @(114.0000 mm, 57.0000 mm): C30 的封装文本 (C30),
[nonmirrored_text_on_back_layer]: Non-Mirrored text on back layer
    Local override; warning
    @(139.0000 mm, 99.3700 mm): C3 的参考字段
[nonmirrored_text_on_back_layer]: Non-Mirrored text on back layer
    Local override; warning
    @(139.0000 mm, 102.2300 mm): C3 的值字段 (10uF)
[nonmirrored_text_on_back_layer]: Non-Mirrored text on back layer
    Local override; warning
    @(139.0000 mm, 100.8000 mm): C3 的封装文本 (C3),
[nonmirrored_text_on_back_layer]: Non-Mirrored text on back layer
    Local override; warning
    @(134.0000 mm, 87.7200 mm): L2 的参考字段
[nonmirrored_text_on_back_layer]: Non-Mirrored text on back layer
    Local override; warning
    @(134.0000 mm, 92.2800 mm): L2 的值字段 (1uH Isat>=4.5A)
[nonmirrored_text_on_back_layer]: Non-Mirrored text on back layer
    Local override; warning
    @(134.0000 mm, 90.0000 mm): L2 的封装文本 (L2),
[nonmirrored_text_on_back_layer]: Non-Mirrored text on back layer
    Local override; warning
    @(70.0000 mm, 88.5700 mm): R41 的参考字段
[nonmirrored_text_on_back_layer]: Non-Mirrored text on back layer
    Local override; warning
    @(70.0000 mm, 91.4300 mm): R41 的值字段 (100k)
[nonmirrored_text_on_back_layer]: Non-Mirrored text on back layer
    Local override; warning
    @(70.0000 mm, 90.0000 mm): R41 的封装文本 (R41),
[nonmirrored_text_on_back_layer]: Non-Mirrored text on back layer
    Local override; warning
    @(125.0000 mm, 80.1700 mm): C20 的参考字段
[nonmirrored_text_on_back_layer]: Non-Mirrored text on back layer
    Local override; warning
    @(125.0000 mm, 83.0300 mm): C20 的值字段 (10uF)
[nonmirrored_text_on_back_layer]: Non-Mirrored text on back layer
    Local override; warning
    @(125.0000 mm, 81.6000 mm): C20 的封装文本 (C20),
[nonmirrored_text_on_back_layer]: Non-Mirrored text on back layer
    Local override; warning
    @(129.0000 mm, 82.5700 mm): FB2 的参考字段
[nonmirrored_text_on_back_layer]: Non-Mirrored text on back layer
    Local override; warning
    @(129.0000 mm, 85.4300 mm): FB2 的值字段 (600R@100MHz)
[nonmirrored_text_on_back_layer]: Non-Mirrored text on back layer
    Local override; warning
    @(129.0000 mm, 84.0000 mm): FB2 的封装文本 (FB2),
[nonmirrored_text_on_back_layer]: Non-Mirrored text on back layer
    Local override; warning
    @(125.0000 mm, 77.3700 mm): R21 的参考字段
[nonmirrored_text_on_back_layer]: Non-Mirrored text on back layer
    Local override; warning
    @(125.0000 mm, 80.2300 mm): R21 的值字段 (100k)
[nonmirrored_text_on_back_layer]: Non-Mirrored text on back layer
    Local override; warning
    @(125.0000 mm, 78.8000 mm): R21 的封装文本 (R21),
[nonmirrored_text_on_back_layer]: Non-Mirrored text on back layer
    Local override; warning
    @(100.0000 mm, 98.5700 mm): R1 的参考字段
[nonmirrored_text_on_back_layer]: Non-Mirrored text on back layer
    Local override; warning
    @(100.0000 mm, 101.4300 mm): R1 的值字段 (5.1k)
[nonmirrored_text_on_back_layer]: Non-Mirrored text on back layer
    Local override; warning
    @(100.0000 mm, 100.0000 mm): R1 的封装文本 (R1),
[nonmirrored_text_on_back_layer]: Non-Mirrored text on back layer
    Local override; warning
    @(114.0000 mm, 58.3700 mm): C31 的参考字段
[nonmirrored_text_on_back_layer]: Non-Mirrored text on back layer
    Local override; warning
    @(114.0000 mm, 61.2300 mm): C31 的值字段 (100nF)
[nonmirrored_text_on_back_layer]: Non-Mirrored text on back layer
    Local override; warning
    @(114.0000 mm, 59.8000 mm): C31 的封装文本 (C31),
[nonmirrored_text_on_back_layer]: Non-Mirrored text on back layer
    Local override; warning
    @(70.0000 mm, 94.1700 mm): C51 的参考字段
[nonmirrored_text_on_back_layer]: Non-Mirrored text on back layer
    Local override; warning
    @(70.0000 mm, 97.0300 mm): C51 的值字段 (100nF)
[nonmirrored_text_on_back_layer]: Non-Mirrored text on back layer
    Local override; warning
    @(70.0000 mm, 95.6000 mm): C51 的封装文本 (C51),
[nonmirrored_text_on_back_layer]: Non-Mirrored text on back layer
    Local override; warning
    @(132.0000 mm, 96.5700 mm): R3 的参考字段
[nonmirrored_text_on_back_layer]: Non-Mirrored text on back layer
    Local override; warning
    @(132.0000 mm, 99.4300 mm): R3 的值字段 (1.5k)
[nonmirrored_text_on_back_layer]: Non-Mirrored text on back layer
    Local override; warning
    @(132.0000 mm, 98.0000 mm): R3 的封装文本 (R3),
[nonmirrored_text_on_back_layer]: Non-Mirrored text on back layer
    Local override; warning
    @(119.5000 mm, 89.3700 mm): C12 的参考字段
[nonmirrored_text_on_back_layer]: Non-Mirrored text on back layer
    Local override; warning
    @(119.5000 mm, 92.2300 mm): C12 的值字段 (22uF)
[nonmirrored_text_on_back_layer]: Non-Mirrored text on back layer
    Local override; warning
    @(119.5000 mm, 90.8000 mm): C12 的封装文本 (C12),
[nonmirrored_text_on_back_layer]: Non-Mirrored text on back layer
    Local override; warning
    @(143.0000 mm, 100.1700 mm): U2 的参考字段
[nonmirrored_text_on_back_layer]: Non-Mirrored text on back layer
    Local override; warning
    @(143.0000 mm, 105.8300 mm): U2 的值字段 (BQ24074RGTR)
[nonmirrored_text_on_back_layer]: Non-Mirrored text on back layer
    Local override; warning
    @(143.0000 mm, 103.0000 mm): U2 的封装文本 (U2),
[nonmirrored_text_on_back_layer]: Non-Mirrored text on back layer
    Local override; warning
    @(116.0000 mm, 89.3700 mm): R11 的参考字段
[nonmirrored_text_on_back_layer]: Non-Mirrored text on back layer
    Local override; warning
    @(116.0000 mm, 92.2300 mm): R11 的值字段 (150k)
[nonmirrored_text_on_back_layer]: Non-Mirrored text on back layer
    Local override; warning
    @(116.0000 mm, 90.8000 mm): R11 的封装文本 (R11),
[nonmirrored_text_on_back_layer]: Non-Mirrored text on back layer
    Local override; warning
    @(135.5000 mm, 96.5700 mm): R6 的参考字段
[nonmirrored_text_on_back_layer]: Non-Mirrored text on back layer
    Local override; warning
    @(135.5000 mm, 99.4300 mm): R6 的值字段 (47k)
[nonmirrored_text_on_back_layer]: Non-Mirrored text on back layer
    Local override; warning
    @(135.5000 mm, 98.0000 mm): R6 的封装文本 (R6),
[nonmirrored_text_on_back_layer]: Non-Mirrored text on back layer
    Local override; warning
    @(64.0000 mm, 91.2000 mm): U5 的参考字段
[nonmirrored_text_on_back_layer]: Non-Mirrored text on back layer
    Local override; warning
    @(64.0000 mm, 96.8000 mm): U5 的值字段 (MAX98357AETE+T)
[nonmirrored_text_on_back_layer]: Non-Mirrored text on back layer
    Local override; warning
    @(64.0000 mm, 94.0000 mm): U5 的封装文本 (U5),

** Found 27 unconnected pads **
[unconnected_items]: Missing connection between items
    Local override; error
    @(160.2481 mm, 50.0026 mm): 填充区[/GND]在 F.Cu 上, 优先级 0
    @(160.2481 mm, 50.0026 mm): 填充区[/GND]在 B.Cu 上, 优先级 0
[unconnected_items]: Missing connection between items
    Local override; error
    @(160.2481 mm, 50.0026 mm): 填充区[/GND]在 B.Cu 上, 优先级 0
    @(160.2481 mm, 50.0026 mm): 填充区[/GND]在 B.Cu 上, 优先级 0
[unconnected_items]: Missing connection between items
    Local override; error
    @(160.2481 mm, 50.0026 mm): 填充区[/GND]在 B.Cu 上, 优先级 0
    @(160.2481 mm, 50.0026 mm): 填充区[/GND]在 B.Cu 上, 优先级 0
[unconnected_items]: Missing connection between items
    Local override; error
    @(119.1000 mm, 103.8000 mm): B.Cu 上 U7 的焊盘 4 [/GND]
    @(119.8750 mm, 103.8500 mm): 走线 [/GND] (B.Cu), 长度: 1.0375 mm
[unconnected_items]: Missing connection between items
    Local override; error
    @(160.2481 mm, 50.0026 mm): 填充区[/GND]在 B.Cu 上, 优先级 0
    @(160.2481 mm, 50.0026 mm): 填充区[/GND]在 B.Cu 上, 优先级 0
[unconnected_items]: Missing connection between items
    Local override; error
    @(160.2481 mm, 50.0026 mm): 填充区[/GND]在 B.Cu 上, 优先级 0
    @(123.7750 mm, 88.0000 mm): B.Cu 上 C14 的焊盘 2 [/GND]
[unconnected_items]: Missing connection between items
    Local override; error
    @(123.7750 mm, 88.0000 mm): B.Cu 上 C14 的焊盘 2 [/GND]
    @(160.2481 mm, 50.0026 mm): 填充区[/GND]在 B.Cu 上, 优先级 0
[unconnected_items]: Missing connection between items
    Local override; error
    @(160.2481 mm, 50.0026 mm): 填充区[/GND]在 B.Cu 上, 优先级 0
    @(160.2481 mm, 50.0026 mm): 填充区[/GND]在 B.Cu 上, 优先级 0
[unconnected_items]: Missing connection between items
    Local override; error
    @(128.5428 mm, 93.7028 mm): 走线 [/GND] (B.Cu), 长度: 0.7676 mm
    @(126.6000 mm, 93.4600 mm): B.Cu 上 U3 的焊盘 15 [/GND]
[unconnected_items]: Missing connection between items
    Local override; error
    @(160.2481 mm, 50.0026 mm): 填充区[/GND]在 B.Cu 上, 优先级 0
    @(160.2481 mm, 50.0026 mm): 填充区[/GND]在 B.Cu 上, 优先级 0
[unconnected_items]: Missing connection between items
    Local override; error
    @(160.2481 mm, 50.0026 mm): 填充区[/GND]在 B.Cu 上, 优先级 0
    @(160.2481 mm, 50.0026 mm): 填充区[/GND]在 B.Cu 上, 优先级 0
[unconnected_items]: Missing connection between items
    Local override; error
    @(160.2481 mm, 50.0026 mm): 填充区[/GND]在 B.Cu 上, 优先级 0
    @(160.2481 mm, 50.0026 mm): 填充区[/GND]在 B.Cu 上, 优先级 0
[unconnected_items]: Missing connection between items
    Local override; error
    @(160.2481 mm, 50.0026 mm): 填充区[/GND]在 B.Cu 上, 优先级 0
    @(134.7400 mm, 80.5000 mm): B.Cu 上 U4 的焊盘 4 [/GND]
[unconnected_items]: Missing connection between items
    Local override; error
    @(160.2481 mm, 50.0026 mm): 填充区[/GND]在 B.Cu 上, 优先级 0
    @(160.2481 mm, 50.0026 mm): 填充区[/GND]在 B.Cu 上, 优先级 0
[unconnected_items]: Missing connection between items
    Local override; error
    @(160.2481 mm, 50.0026 mm): 填充区[/GND]在 B.Cu 上, 优先级 0
    @(160.2481 mm, 50.0026 mm): 填充区[/GND]在 B.Cu 上, 优先级 0
[unconnected_items]: Missing connection between items
    Local override; error
    @(160.2481 mm, 50.0026 mm): 填充区[/GND]在 B.Cu 上, 优先级 0
    @(160.2481 mm, 50.0026 mm): 填充区[/GND]在 B.Cu 上, 优先级 0
[unconnected_items]: Missing connection between items
    Local override; error
    @(160.2481 mm, 50.0026 mm): 填充区[/GND]在 B.Cu 上, 优先级 0
    @(160.2481 mm, 50.0026 mm): 填充区[/GND]在 B.Cu 上, 优先级 0
[unconnected_items]: Missing connection between items
    Local override; error
    @(51.0000 mm, 56.0000 mm): 填充区[/GND]在 GND 上, 优先级 0
    @(160.2481 mm, 50.0026 mm): 填充区[/GND]在 B.Cu 上, 优先级 0
[unconnected_items]: Missing connection between items
    Local override; error
    @(148.2750 mm, 96.2750 mm): F.Cu 上 J3 的焊盘 6 [/GND]
    @(160.2481 mm, 50.0026 mm): 填充区[/GND]在 F.Cu 上, 优先级 0
[unconnected_items]: Missing connection between items
    Local override; error
    @(160.2481 mm, 50.0026 mm): 填充区[/GND]在 F.Cu 上, 优先级 0
    @(158.5000 mm, 80.0000 mm): F.Cu 上 J6 的焊盘 2 [/GND]
[unconnected_items]: Missing connection between items
    Local override; error
    @(160.2481 mm, 50.0026 mm): 填充区[/GND]在 B.Cu 上, 优先级 0
    @(51.0000 mm, 56.0000 mm): 填充区[/GND]在 GND 上, 优先级 0
[unconnected_items]: Missing connection between items
    Local override; error
    @(105.1750 mm, 100.8000 mm): B.Cu 上 R71 的焊盘 1 [/I2C_SCL]
    @(119.1000 mm, 103.4000 mm): B.Cu 上 U7 的焊盘 5 [/I2C_SCL]
[unconnected_items]: Missing connection between items
    Local override; error
    @(105.1750 mm, 98.0000 mm): B.Cu 上 R70 的焊盘 1 [/I2C_SDA]
    @(119.1000 mm, 105.0000 mm): B.Cu 上 U7 的焊盘 1 [/I2C_SDA]
[unconnected_items]: Missing connection between items
    Local override; error
    @(108.6750 mm, 98.0000 mm): B.Cu 上 R73 的焊盘 1 [/GAUGE_SRP]
    @(122.9000 mm, 104.6000 mm): B.Cu 上 U7 的焊盘 11 [/GAUGE_SRP]
[unconnected_items]: Missing connection between items
    Local override; error
    @(110.3250 mm, 98.0000 mm): B.Cu 上 R73 的焊盘 2 [/GAUGE_SRN]
    @(122.9000 mm, 103.0000 mm): B.Cu 上 U7 的焊盘 7 [/GAUGE_SRN]
[unconnected_items]: Missing connection between items
    Local override; error
    @(105.1750 mm, 103.6000 mm): B.Cu 上 R72 的焊盘 1 [/GAUGE_BIN]
    @(122.9000 mm, 103.8000 mm): B.Cu 上 U7 的焊盘 9 [/GAUGE_BIN]
[unconnected_items]: Missing connection between items
    Local override; error
    @(108.7250 mm, 100.8000 mm): B.Cu 上 C70 的焊盘 1 [/VBAT_SENSE]
    @(119.1000 mm, 103.0000 mm): B.Cu 上 U7 的焊盘 6 [/VBAT_SENSE]

** Found 0 Footprint errors **

** Ignored checks **
    - Footprint has no courtyard defined
    - Track endpoint not centered on via
    - Tuning profile track geometries
    - Footprint doesn't match symbol's footprint filters
    - Footprint component type doesn't match footprint pads

** End of Report **
