ERC report (2026-07-21T09:05:14, Encoding UTF8)
Report includes: Errors, Warnings

***** Sheet /
[isolated_pin_label]: Label connected to only one pin
    ; warning
    @(77.47 mm, 54.61 mm): 标签 'SD_CD'
[isolated_pin_label]: Label connected to only one pin
    ; warning
    @(77.47 mm, 80.01 mm): 标签 'UART_RX0'
[isolated_pin_label]: Label connected to only one pin
    ; warning
    @(77.47 mm, 82.55 mm): 标签 'UART_TX0'
[isolated_pin_label]: Label connected to only one pin
    ; warning
    @(95.25 mm, 46.99 mm): 标签 'PGOOD_N'
[isolated_pin_label]: Label connected to only one pin
    ; warning
    @(158.75 mm, 35.56 mm): 标签 'PG_3V3_N'
[isolated_pin_label]: Label connected to only one pin
    ; warning
    @(158.75 mm, 151.13 mm): 标签 'GAUGE_VDD'
[isolated_pin_label]: Label connected to only one pin
    ; warning
    @(207.01 mm, 158.75 mm): 标签 'GAUGE_INT_N'
[isolated_pin_label]: Label connected to only one pin
    ; warning
    @(270.51 mm, 193.04 mm): 标签 'LED_CTRL'

 ** ERC messages: 8  Errors 0  Warnings 8

 ** Ignored checks:
    - Global label only appears once in the schematic
    - Four connection points are joined together
    - SPICE model issue
    - Assigned footprint doesn't match footprint filters
