2026-07-21 09:57:08.391 [main] INFO  Freerouting v1.9.0 (build-date: 2023-10-30)
2026-07-21 09:57:09.442 [main] INFO  Opening 'hardware/rev-a/product-d1/kicad/production-v41-electrical-audit/cadenza-d1-v41-fixed-pre-route.dsn'...
2026-07-21 09:57:10.089 [ForkJoinPool.commonPool-worker-1] INFO  New version available: v2.2.4
2026-07-21 09:57:32.001 [Thread-26] INFO  Starting auto-routing...
2026-07-21 09:58:37.631 [Thread-26] WARN  There were only 18.10 changes in the last 20 passes, so it's very likely that autorouter can't improve the result much further. It is recommended to stop it and finish the board manually.
2026-07-21 09:59:36.693 [Thread-26] WARN  There were only 10.38 changes in the last 40 passes, so it's very likely that autorouter can't improve the result much further. It is recommended to stop it and finish the board manually.
2026-07-21 10:00:37.073 [Thread-26] WARN  There were only 8.70 changes in the last 60 passes, so it's very likely that autorouter can't improve the result much further. It is recommended to stop it and finish the board manually.
2026-07-21 10:01:37.928 [Thread-26] WARN  There were only 8.25 changes in the last 80 passes, so it's very likely that autorouter can't improve the result much further. It is recommended to stop it and finish the board manually.
2026-07-21 10:02:22.721 [Thread-26] INFO  Auto-routing was completed in 4 minute(s) 50.72 seconds.
2026-07-21 10:02:22.829 [Thread-26] INFO  Starting route optimization on 1 thread...
2026-07-21 10:02:32.909 [Thread-26] INFO  Route optimization was completed in 10.08 seconds.
2026-07-21 10:02:32.928 [Thread-26] INFO  Saving 'hardware/rev-a/product-d1/kicad/production-v41-electrical-audit/cadenza-d1-v41-routed-v190.ses'...
2026-07-21 10:24:53.758 [main] INFO  Freerouting v1.9.0 (build-date: 2023-10-30)
2026-07-21 10:24:53.799 [main] INFO  Settings were loaded from freerouting.json
2026-07-21 10:24:54.807 [main] INFO  Opening '/Users/tapir/Development/CadenzaOS/hardware/rev-a/product-d1/kicad/production-v41-electrical-audit/cadenza-d1-v41-pass2.dsn'...
2026-07-21 10:24:55.476 [ForkJoinPool.commonPool-worker-1] INFO  New version available: v2.2.4
2026-07-21 10:24:55.805 [main] WARN  The normalization of net '/USB_D+_CONN' failed.
2026-07-21 10:32:45.859 [main] INFO  Freerouting v1.9.0 (build-date: 2023-10-30)
2026-07-21 10:32:45.903 [main] INFO  Settings were loaded from freerouting.json
2026-07-21 10:32:46.919 [main] INFO  Opening '/Users/tapir/Development/CadenzaOS/hardware/rev-a/product-d1/kicad/production-v41-electrical-audit/cadenza-d1-v41-pass2-unlocked.dsn'...
2026-07-21 10:32:47.634 [ForkJoinPool.commonPool-worker-1] INFO  New version available: v2.2.4
2026-07-21 10:32:47.911 [main] WARN  The normalization of net '/USB_D+_CONN' failed.
2026-07-21 10:58:57.033 [main] INFO  Freerouting v1.9.0 (build-date: 2023-10-30)
2026-07-21 10:58:57.073 [main] INFO  Settings were loaded from freerouting.json
2026-07-21 10:58:58.723 [ForkJoinPool.commonPool-worker-1] INFO  New version available: v2.2.4
2026-07-21 11:01:58.377 [main] INFO  Freerouting v1.9.0 (build-date: 2023-10-30)
2026-07-21 11:01:58.421 [main] INFO  Settings were loaded from freerouting.json
2026-07-21 11:01:59.438 [main] INFO  Opening '/Users/tapir/Development/CadenzaOS/hardware/rev-a/product-d1/kicad/production-v42-priority/cadenza-d1-v42-priority.dsn'...
2026-07-21 11:02:00.056 [ForkJoinPool.commonPool-worker-1] INFO  New version available: v2.2.4
2026-07-21 11:02:21.551 [Thread-28] INFO  Starting auto-routing...
2026-07-21 11:02:23.129 [Thread-28] INFO  Auto-routing was completed in 1.57 seconds.
2026-07-21 11:02:23.240 [Thread-28] INFO  Starting route optimization on 1 thread...
2026-07-21 11:02:24.206 [Thread-28] INFO  Route optimization was completed in 0.96 seconds.
2026-07-21 11:02:24.217 [Thread-28] INFO  Saving '/Users/tapir/Development/CadenzaOS/hardware/rev-a/product-d1/kicad/production-v42-priority/cadenza-d1-v42-priority.ses'...
2026-07-21 11:04:57.069 [main] INFO  Freerouting v1.9.0 (build-date: 2023-10-30)
2026-07-21 11:04:57.112 [main] INFO  Settings were loaded from freerouting.json
2026-07-21 11:04:58.126 [main] INFO  Opening '/Users/tapir/Development/CadenzaOS/hardware/rev-a/product-d1/kicad/production-v42-priority/cadenza-d1-v42-priority.dsn'...
2026-07-21 11:04:58.850 [ForkJoinPool.commonPool-worker-1] INFO  New version available: v2.2.4
2026-07-21 11:05:20.603 [Thread-28] INFO  Starting auto-routing...
2026-07-21 11:05:22.238 [Thread-28] INFO  Auto-routing was completed in 1.63 seconds.
2026-07-21 11:05:22.345 [Thread-28] INFO  Starting route optimization on 1 thread...
2026-07-21 11:05:23.409 [Thread-28] INFO  Route optimization was completed in 1.06 seconds.
2026-07-21 11:05:23.421 [Thread-28] INFO  Saving '/Users/tapir/Development/CadenzaOS/hardware/rev-a/product-d1/kicad/production-v42-priority/cadenza-d1-v42-priority.ses'...
2026-07-21 11:08:19.387 [main] INFO  Freerouting v1.9.0 (build-date: 2023-10-30)
2026-07-21 11:08:19.430 [main] INFO  Settings were loaded from freerouting.json
2026-07-21 11:08:20.443 [main] INFO  Opening '/Users/tapir/Development/CadenzaOS/hardware/rev-a/product-d1/kicad/production-v42-priority/cadenza-d1-v42-priority.dsn'...
2026-07-21 11:08:21.196 [ForkJoinPool.commonPool-worker-1] INFO  New version available: v2.2.4
2026-07-21 11:08:42.800 [Thread-27] INFO  Starting auto-routing...
2026-07-21 11:08:44.460 [Thread-27] INFO  Auto-routing was completed in 1.66 seconds.
2026-07-21 11:08:44.569 [Thread-27] INFO  Starting route optimization on 1 thread...
2026-07-21 11:08:45.636 [Thread-27] INFO  Route optimization was completed in 1.07 seconds.
2026-07-21 11:08:45.648 [Thread-27] INFO  Saving '/Users/tapir/Development/CadenzaOS/hardware/rev-a/product-d1/kicad/production-v42-priority/cadenza-d1-v42-priority.ses'...
2026-07-21 11:12:28.050 [main] INFO  Freerouting v1.9.0 (build-date: 2023-10-30)
2026-07-21 11:12:28.090 [main] INFO  Settings were loaded from freerouting.json
2026-07-21 11:12:29.111 [main] INFO  Opening '/Users/tapir/Development/CadenzaOS/hardware/rev-a/product-d1/kicad/production-v42-priority/cadenza-d1-v42-priority.dsn'...
2026-07-21 11:12:29.867 [ForkJoinPool.commonPool-worker-1] INFO  New version available: v2.2.4
2026-07-21 11:12:51.577 [Thread-28] INFO  Starting auto-routing...
2026-07-21 11:12:52.306 [Thread-28] INFO  Auto-routing was completed in 0.72 seconds.
2026-07-21 11:12:52.417 [Thread-28] INFO  Starting route optimization on 1 thread...
2026-07-21 11:13:00.994 [Thread-28] INFO  Route optimization was completed in 8.57 seconds and it improved the design by ~52.52%.
2026-07-21 11:13:01.007 [Thread-28] INFO  Saving '/Users/tapir/Development/CadenzaOS/hardware/rev-a/product-d1/kicad/production-v42-priority/cadenza-d1-v42-priority.ses'...
2026-07-21 11:15:52.846 [main] INFO  Freerouting v1.9.0 (build-date: 2023-10-30)
2026-07-21 11:15:52.889 [main] INFO  Settings were loaded from freerouting.json
2026-07-21 11:15:53.904 [main] INFO  Opening '/Users/tapir/Development/CadenzaOS/hardware/rev-a/product-d1/kicad/production-v42-priority/cadenza-d1-v42-full.dsn'...
2026-07-21 11:15:54.584 [ForkJoinPool.commonPool-worker-1] INFO  New version available: v2.2.4
2026-07-21 11:16:16.059 [Thread-27] INFO  Starting auto-routing...
2026-07-21 11:20:33.950 [Thread-27] WARN  There were only 17.15 changes in the last 20 passes, so it's very likely that autorouter can't improve the result much further. It is recommended to stop it and finish the board manually.
2026-07-21 11:24:37.941 [Thread-27] WARN  There were only 9.68 changes in the last 40 passes, so it's very likely that autorouter can't improve the result much further. It is recommended to stop it and finish the board manually.
2026-07-21 11:37:09.702 [main] INFO  Freerouting v1.9.0 (build-date: 2023-10-30)
2026-07-21 11:37:09.744 [main] INFO  Settings were loaded from freerouting.json
2026-07-21 11:37:10.757 [main] INFO  Opening '/Users/tapir/Development/CadenzaOS/hardware/rev-a/product-d1/kicad/production-v42-priority/cadenza-d1-v42-stage2.dsn'...
2026-07-21 11:37:11.396 [ForkJoinPool.commonPool-worker-1] INFO  New version available: v2.2.4
2026-07-21 11:37:32.797 [Thread-28] INFO  Starting auto-routing...
2026-07-21 11:37:44.176 [Thread-28] INFO  Auto-routing was completed in 11.38 seconds.
2026-07-21 11:37:44.288 [Thread-28] INFO  Starting route optimization on 1 thread...
2026-07-21 11:37:47.866 [Thread-28] INFO  Route optimization was completed in 3.58 seconds.
2026-07-21 11:37:47.881 [Thread-28] INFO  Saving '/Users/tapir/Development/CadenzaOS/hardware/rev-a/product-d1/kicad/production-v42-priority/cadenza-d1-v42-stage2-v190.ses'...
2026-07-21 11:39:20.798 [main] INFO  Freerouting v1.9.0 (build-date: 2023-10-30)
2026-07-21 11:39:20.838 [main] INFO  Settings were loaded from freerouting.json
2026-07-21 11:39:21.850 [main] INFO  Opening '/Users/tapir/Development/CadenzaOS/hardware/rev-a/product-d1/kicad/production-v42-priority/cadenza-d1-v42-stage3.dsn'...
2026-07-21 11:39:23.103 [ForkJoinPool.commonPool-worker-1] INFO  New version available: v2.2.4
2026-07-21 11:39:44.217 [Thread-28] INFO  Starting auto-routing...
2026-07-21 11:39:49.710 [Thread-28] INFO  Auto-routing was completed in 5.49 seconds.
2026-07-21 11:39:49.821 [Thread-28] INFO  Starting route optimization on 1 thread...
2026-07-21 11:39:49.898 [Thread-28] INFO  Route optimization was completed in 0.07 seconds.
2026-07-21 11:39:49.913 [Thread-28] INFO  Saving '/Users/tapir/Development/CadenzaOS/hardware/rev-a/product-d1/kicad/production-v42-priority/cadenza-d1-v42-stage3.ses'...
2026-07-21 11:41:28.107 [main] INFO  Freerouting v1.9.0 (build-date: 2023-10-30)
2026-07-21 11:41:28.161 [main] INFO  Settings were loaded from freerouting.json
2026-07-21 11:41:29.179 [main] INFO  Opening '/Users/tapir/Development/CadenzaOS/hardware/rev-a/product-d1/kicad/production-v42-priority/cadenza-d1-v42-priority.dsn'...
2026-07-21 11:41:29.883 [ForkJoinPool.commonPool-worker-1] INFO  New version available: v2.2.4
2026-07-21 11:41:51.372 [Thread-28] INFO  Starting auto-routing...
2026-07-21 11:41:59.346 [Thread-28] INFO  Auto-routing was completed in 7.97 seconds.
2026-07-21 11:41:59.453 [Thread-28] INFO  Starting route optimization on 1 thread...
2026-07-21 11:42:06.599 [Thread-28] INFO  Route optimization was completed in 7.14 seconds.
2026-07-21 11:42:06.618 [Thread-28] INFO  Saving '/Users/tapir/Development/CadenzaOS/hardware/rev-a/product-d1/kicad/production-v42-priority/cadenza-d1-v42-priority-expanded.ses'...
2026-07-21 11:49:06.692 [main] INFO  Freerouting v1.9.0 (build-date: 2023-10-30)
2026-07-21 11:49:06.739 [main] INFO  Settings were loaded from freerouting.json
2026-07-21 11:49:07.756 [main] INFO  Opening '/Users/tapir/Development/CadenzaOS/hardware/rev-a/product-d1/kicad/production-v42-priority/cadenza-d1-v42-i2c.dsn'...
2026-07-21 11:49:08.388 [ForkJoinPool.commonPool-worker-1] INFO  New version available: v2.2.4
2026-07-21 11:49:30.031 [Thread-27] INFO  Starting auto-routing...
2026-07-21 11:49:31.275 [Thread-27] INFO  Auto-routing was completed in 1.24 seconds.
2026-07-21 11:49:31.386 [Thread-27] INFO  Starting route optimization on 1 thread...
2026-07-21 11:49:36.679 [Thread-27] INFO  Route optimization was completed in 5.29 seconds and it improved the design by ~0.11%.
2026-07-21 11:49:36.695 [Thread-27] INFO  Saving '/Users/tapir/Development/CadenzaOS/hardware/rev-a/product-d1/kicad/production-v42-priority/cadenza-d1-v42-i2c.ses'...
2026-07-21 11:55:44.564 [main] INFO  Freerouting v1.9.0 (build-date: 2023-10-30)
2026-07-21 11:55:44.610 [main] INFO  Settings were loaded from freerouting.json
2026-07-21 11:55:45.628 [main] INFO  Opening '/Users/tapir/Development/CadenzaOS/hardware/rev-a/product-d1/kicad/production-v42-priority/cadenza-d1-v42-full.dsn'...
2026-07-21 11:55:46.294 [ForkJoinPool.commonPool-worker-1] INFO  New version available: v2.2.4
2026-07-21 11:56:07.777 [Thread-28] INFO  Starting auto-routing...
2026-07-21 11:58:32.140 [Thread-28] WARN  There were only 8.55 changes in the last 20 passes, so it's very likely that autorouter can't improve the result much further. It is recommended to stop it and finish the board manually.
2026-07-21 11:59:35.463 [Thread-28] INFO  Auto-routing was completed in 3 minute(s) 27.68 seconds.
2026-07-21 11:59:35.572 [Thread-28] INFO  Starting route optimization on 1 thread...
2026-07-21 11:59:42.894 [Thread-28] INFO  Route optimization was completed in 7.32 seconds.
2026-07-21 11:59:42.916 [Thread-28] INFO  Saving '/Users/tapir/Development/CadenzaOS/hardware/rev-a/product-d1/kicad/production-v42-priority/cadenza-d1-v42-full-v190-final.ses'...
2026-07-21 12:03:50.023 [main] INFO  Freerouting v1.9.0 (build-date: 2023-10-30)
2026-07-21 12:03:50.074 [main] INFO  Settings were loaded from freerouting.json
2026-07-21 12:03:51.085 [main] INFO  Opening '/Users/tapir/Development/CadenzaOS/hardware/rev-a/product-d1/kicad/production-v42-priority/cadenza-d1-v42-remaining.dsn'...
2026-07-21 12:03:51.758 [ForkJoinPool.commonPool-worker-1] INFO  New version available: v2.2.4
2026-07-21 12:03:52.310 [main] WARN  The normalization of net '/USB_D+_CONN' failed.
2026-07-21 12:12:31.912 [main] INFO  Freerouting v1.9.0 (build-date: 2023-10-30)
2026-07-21 12:12:31.955 [main] INFO  Settings were loaded from freerouting.json
2026-07-21 12:12:32.966 [main] INFO  Opening '/Users/tapir/Development/CadenzaOS/hardware/rev-a/product-d1/kicad/production-v42-priority/cadenza-d1-v42-remaining.dsn'...
2026-07-21 12:12:33.602 [ForkJoinPool.commonPool-worker-1] INFO  New version available: v2.2.4
2026-07-21 12:12:55.422 [Thread-27] INFO  Starting auto-routing...
2026-07-21 12:14:27.160 [Thread-27] WARN  There were only 3.15 changes in the last 20 passes, so it's very likely that autorouter can't improve the result much further. It is recommended to stop it and finish the board manually.
2026-07-21 12:15:06.521 [Thread-27] INFO  Auto-routing was completed in 2 minute(s) 11.10 seconds.
2026-07-21 12:15:06.634 [Thread-27] INFO  Starting route optimization on 1 thread...
2026-07-21 12:15:08.124 [Thread-27] INFO  Route optimization was completed in 1.49 seconds and it improved the design by ~0.00%.
2026-07-21 12:15:08.144 [Thread-27] INFO  Saving '/Users/tapir/Development/CadenzaOS/hardware/rev-a/product-d1/kicad/production-v42-priority/cadenza-d1-v42-remaining-clean.ses'...
2026-07-21 12:16:33.471 [main] INFO  Freerouting v1.9.0 (build-date: 2023-10-30)
2026-07-21 12:16:33.515 [main] INFO  Settings were loaded from freerouting.json
2026-07-21 12:16:34.529 [main] INFO  Opening '/Users/tapir/Development/CadenzaOS/hardware/rev-a/product-d1/kicad/production-v42-priority/seq-sdcd.dsn'...
2026-07-21 12:16:35.267 [ForkJoinPool.commonPool-worker-1] INFO  New version available: v2.2.4
2026-07-21 12:16:56.993 [Thread-28] INFO  Starting auto-routing...
2026-07-21 12:16:59.115 [Thread-28] INFO  Auto-routing was completed in 2.11 seconds.
2026-07-21 12:16:59.216 [Thread-28] INFO  Starting route optimization on 1 thread...
2026-07-21 12:16:59.465 [Thread-28] INFO  Route optimization was completed in 0.24 seconds.
2026-07-21 12:16:59.489 [Thread-28] INFO  Saving '/Users/tapir/Development/CadenzaOS/hardware/rev-a/product-d1/kicad/production-v42-priority/seq-sdcd.ses'...
2026-07-21 12:17:03.983 [main] INFO  Freerouting v1.9.0 (build-date: 2023-10-30)
2026-07-21 12:17:04.020 [main] INFO  Settings were loaded from freerouting.json
2026-07-21 12:17:05.034 [main] INFO  Opening '/Users/tapir/Development/CadenzaOS/hardware/rev-a/product-d1/kicad/production-v42-priority/seq-media.dsn'...
2026-07-21 12:17:05.455 [ForkJoinPool.commonPool-worker-1] INFO  New version available: v2.2.4
2026-07-21 12:17:27.386 [Thread-28] INFO  Starting auto-routing...
2026-07-21 12:17:27.885 [Thread-28] INFO  Auto-routing was completed in 0.50 seconds.
2026-07-21 12:17:27.996 [Thread-28] INFO  Starting route optimization on 1 thread...
2026-07-21 12:17:28.684 [Thread-28] INFO  Route optimization was completed in 0.69 seconds.
2026-07-21 12:17:28.704 [Thread-28] INFO  Saving '/Users/tapir/Development/CadenzaOS/hardware/rev-a/product-d1/kicad/production-v42-priority/seq-media.ses'...
2026-07-21 12:17:33.119 [main] INFO  Freerouting v1.9.0 (build-date: 2023-10-30)
2026-07-21 12:17:33.156 [main] INFO  Settings were loaded from freerouting.json
2026-07-21 12:17:34.172 [main] INFO  Opening '/Users/tapir/Development/CadenzaOS/hardware/rev-a/product-d1/kicad/production-v42-priority/seq-vaux.dsn'...
2026-07-21 12:17:34.665 [ForkJoinPool.commonPool-worker-1] INFO  New version available: v2.2.4
2026-07-21 12:17:56.738 [Thread-28] INFO  Starting auto-routing...
2026-07-21 12:17:56.929 [Thread-28] INFO  Auto-routing was completed in 0.19 seconds.
2026-07-21 12:17:57.033 [Thread-28] INFO  Starting route optimization on 1 thread...
2026-07-21 12:17:57.037 [Thread-28] INFO  Route optimization was completed in 0.00 seconds.
2026-07-21 12:17:57.067 [Thread-28] INFO  Saving '/Users/tapir/Development/CadenzaOS/hardware/rev-a/product-d1/kicad/production-v42-priority/seq-vaux.ses'...
2026-07-21 12:18:01.636 [main] INFO  Freerouting v1.9.0 (build-date: 2023-10-30)
2026-07-21 12:18:01.672 [main] INFO  Settings were loaded from freerouting.json
2026-07-21 12:18:02.697 [main] INFO  Opening '/Users/tapir/Development/CadenzaOS/hardware/rev-a/product-d1/kicad/production-v42-priority/seq-l3a.dsn'...
2026-07-21 12:18:03.109 [ForkJoinPool.commonPool-worker-1] INFO  New version available: v2.2.4
2026-07-21 12:18:25.099 [Thread-28] INFO  Starting auto-routing...
2026-07-21 12:18:25.307 [Thread-28] INFO  Auto-routing was completed in 0.21 seconds.
2026-07-21 12:18:25.417 [Thread-28] INFO  Starting route optimization on 1 thread...
2026-07-21 12:18:25.422 [Thread-28] INFO  Route optimization was completed in 0.00 seconds.
2026-07-21 12:18:25.461 [Thread-28] INFO  Saving '/Users/tapir/Development/CadenzaOS/hardware/rev-a/product-d1/kicad/production-v42-priority/seq-l3a.ses'...
2026-07-21 12:18:30.014 [main] INFO  Freerouting v1.9.0 (build-date: 2023-10-30)
2026-07-21 12:18:30.052 [main] INFO  Settings were loaded from freerouting.json
2026-07-21 12:18:31.063 [main] INFO  Opening '/Users/tapir/Development/CadenzaOS/hardware/rev-a/product-d1/kicad/production-v42-priority/seq-l3b.dsn'...
2026-07-21 12:18:31.492 [ForkJoinPool.commonPool-worker-1] INFO  New version available: v2.2.4
2026-07-21 12:18:53.459 [Thread-27] INFO  Starting auto-routing...
2026-07-21 12:18:54.527 [Thread-27] INFO  Auto-routing was completed in 1.07 seconds.
2026-07-21 12:18:54.637 [Thread-27] INFO  Starting route optimization on 1 thread...
2026-07-21 12:18:54.642 [Thread-27] INFO  Route optimization was completed in 0.00 seconds.
2026-07-21 12:18:54.678 [Thread-27] INFO  Saving '/Users/tapir/Development/CadenzaOS/hardware/rev-a/product-d1/kicad/production-v42-priority/seq-l3b.ses'...
2026-07-21 12:18:59.157 [main] INFO  Freerouting v1.9.0 (build-date: 2023-10-30)
2026-07-21 12:18:59.192 [main] INFO  Settings were loaded from freerouting.json
2026-07-21 12:19:00.211 [main] INFO  Opening '/Users/tapir/Development/CadenzaOS/hardware/rev-a/product-d1/kicad/production-v42-priority/seq-pg3.dsn'...
2026-07-21 12:19:00.602 [ForkJoinPool.commonPool-worker-1] INFO  New version available: v2.2.4
2026-07-21 12:19:22.520 [Thread-28] INFO  Starting auto-routing...
2026-07-21 12:19:23.910 [Thread-28] INFO  Auto-routing was completed in 1.39 seconds.
2026-07-21 12:19:24.022 [Thread-28] INFO  Starting route optimization on 1 thread...
2026-07-21 12:19:24.026 [Thread-28] INFO  Route optimization was completed in 0.00 seconds.
2026-07-21 12:19:24.051 [Thread-28] INFO  Saving '/Users/tapir/Development/CadenzaOS/hardware/rev-a/product-d1/kicad/production-v42-priority/seq-pg3.ses'...
2026-07-21 12:19:28.558 [main] INFO  Freerouting v1.9.0 (build-date: 2023-10-30)
2026-07-21 12:19:28.593 [main] INFO  Settings were loaded from freerouting.json
2026-07-21 12:19:29.605 [main] INFO  Opening '/Users/tapir/Development/CadenzaOS/hardware/rev-a/product-d1/kicad/production-v42-priority/seq-vbat.dsn'...
2026-07-21 12:19:30.026 [ForkJoinPool.commonPool-worker-1] INFO  New version available: v2.2.4
2026-07-21 12:19:51.920 [Thread-28] INFO  Starting auto-routing...
2026-07-21 12:19:53.983 [Thread-28] INFO  Auto-routing was completed in 2.06 seconds.
2026-07-21 12:19:54.091 [Thread-28] INFO  Starting route optimization on 1 thread...
2026-07-21 12:19:54.542 [Thread-28] INFO  Route optimization was completed in 0.45 seconds.
2026-07-21 12:19:54.561 [Thread-28] INFO  Saving '/Users/tapir/Development/CadenzaOS/hardware/rev-a/product-d1/kicad/production-v42-priority/seq-vbat.ses'...
2026-07-21 12:19:59.058 [main] INFO  Freerouting v1.9.0 (build-date: 2023-10-30)
2026-07-21 12:19:59.095 [main] INFO  Settings were loaded from freerouting.json
2026-07-21 12:20:00.113 [main] INFO  Opening '/Users/tapir/Development/CadenzaOS/hardware/rev-a/product-d1/kicad/production-v42-priority/seq-fb3.dsn'...
2026-07-21 12:20:00.518 [ForkJoinPool.commonPool-worker-1] INFO  New version available: v2.2.4
2026-07-21 12:20:22.405 [Thread-28] INFO  Starting auto-routing...
2026-07-21 12:20:24.065 [Thread-28] INFO  Auto-routing was completed in 1.66 seconds.
2026-07-21 12:20:24.176 [Thread-28] INFO  Starting route optimization on 1 thread...
2026-07-21 12:20:24.398 [Thread-28] INFO  Route optimization was completed in 0.22 seconds.
2026-07-21 12:20:24.417 [Thread-28] INFO  Saving '/Users/tapir/Development/CadenzaOS/hardware/rev-a/product-d1/kicad/production-v42-priority/seq-fb3.ses'...
2026-07-21 12:20:28.691 [main] INFO  Freerouting v1.9.0 (build-date: 2023-10-30)
2026-07-21 12:20:28.727 [main] INFO  Settings were loaded from freerouting.json
2026-07-21 12:20:29.734 [main] INFO  Opening '/Users/tapir/Development/CadenzaOS/hardware/rev-a/product-d1/kicad/production-v42-priority/seq-audio5.dsn'...
2026-07-21 12:20:30.144 [ForkJoinPool.commonPool-worker-1] INFO  New version available: v2.2.4
2026-07-21 12:20:52.129 [Thread-28] INFO  Starting auto-routing...
2026-07-21 12:20:53.956 [Thread-28] INFO  Auto-routing was completed in 1.83 seconds.
2026-07-21 12:20:54.067 [Thread-28] INFO  Starting route optimization on 1 thread...
2026-07-21 12:20:54.744 [Thread-28] INFO  Route optimization was completed in 0.68 seconds.
2026-07-21 12:20:54.767 [Thread-28] INFO  Saving '/Users/tapir/Development/CadenzaOS/hardware/rev-a/product-d1/kicad/production-v42-priority/seq-audio5.ses'...
2026-07-21 12:20:59.249 [main] INFO  Freerouting v1.9.0 (build-date: 2023-10-30)
2026-07-21 12:20:59.286 [main] INFO  Settings were loaded from freerouting.json
2026-07-21 12:21:00.298 [main] INFO  Opening '/Users/tapir/Development/CadenzaOS/hardware/rev-a/product-d1/kicad/production-v42-priority/seq-spkp.dsn'...
2026-07-21 12:21:00.712 [ForkJoinPool.commonPool-worker-1] INFO  New version available: v2.2.4
2026-07-21 12:21:22.659 [Thread-28] INFO  Starting auto-routing...
2026-07-21 12:21:23.627 [Thread-28] INFO  Auto-routing was completed in 0.96 seconds.
2026-07-21 12:21:23.737 [Thread-28] INFO  Starting route optimization on 1 thread...
2026-07-21 12:21:23.741 [Thread-28] INFO  Route optimization was completed in 0.00 seconds.
2026-07-21 12:21:23.772 [Thread-28] INFO  Saving '/Users/tapir/Development/CadenzaOS/hardware/rev-a/product-d1/kicad/production-v42-priority/seq-spkp.ses'...
2026-07-21 12:34:09.062 [main] INFO  Freerouting v1.9.0 (build-date: 2023-10-30)
2026-07-21 12:34:09.107 [main] INFO  Settings were loaded from freerouting.json
2026-07-21 12:34:10.125 [main] INFO  Opening '/Users/tapir/Development/CadenzaOS/hardware/rev-a/product-d1/kicad/production-v42-priority/cadenza-d1-v43-power-layout.dsn'...
2026-07-21 12:34:10.787 [ForkJoinPool.commonPool-worker-1] INFO  New version available: v2.2.4
2026-07-21 12:34:32.414 [Thread-28] INFO  Starting auto-routing...
2026-07-21 12:36:20.764 [Thread-28] WARN  There were only 13.05 changes in the last 20 passes, so it's very likely that autorouter can't improve the result much further. It is recommended to stop it and finish the board manually.
2026-07-21 12:37:05.549 [Thread-28] INFO  Auto-routing was completed in 2 minute(s) 33.13 seconds.
2026-07-21 12:37:05.658 [Thread-28] INFO  Starting route optimization on 1 thread...
2026-07-21 12:37:18.053 [Thread-28] INFO  Route optimization was completed in 12.39 seconds.
2026-07-21 12:37:18.075 [Thread-28] INFO  Saving '/Users/tapir/Development/CadenzaOS/hardware/rev-a/product-d1/kicad/production-v42-priority/cadenza-d1-v43-power-layout-routed.ses'...
2026-07-21 12:38:40.478 [main] INFO  Freerouting v1.9.0 (build-date: 2023-10-30)
2026-07-21 12:38:40.520 [main] INFO  Settings were loaded from freerouting.json
2026-07-21 12:38:41.541 [main] INFO  Opening '/Users/tapir/Development/CadenzaOS/hardware/rev-a/product-d1/kicad/production-v42-priority/cadenza-d1-v43-power-layout.dsn'...
2026-07-21 12:38:42.220 [ForkJoinPool.commonPool-worker-1] INFO  New version available: v2.2.4
2026-07-21 12:39:03.703 [Thread-28] INFO  Starting auto-routing...
2026-07-21 12:39:21.757 [Thread-28] INFO  Auto-routing was completed in 18.05 seconds.
2026-07-21 12:39:21.867 [Thread-28] INFO  Starting route optimization on 1 thread...
2026-07-21 12:39:35.772 [Thread-28] INFO  Route optimization was completed in 13.90 seconds.
2026-07-21 12:39:35.796 [Thread-28] INFO  Saving '/Users/tapir/Development/CadenzaOS/hardware/rev-a/product-d1/kicad/production-v42-priority/cadenza-d1-v43b-power-layout-routed.ses'...
2026-07-21 12:40:29.036 [main] INFO  Freerouting v1.9.0 (build-date: 2023-10-30)
2026-07-21 12:40:29.081 [main] INFO  Settings were loaded from freerouting.json
2026-07-21 12:40:30.095 [main] INFO  Opening '/Users/tapir/Development/CadenzaOS/hardware/rev-a/product-d1/kicad/production-v42-priority/cadenza-d1-v43b-local.dsn'...
2026-07-21 12:40:30.828 [ForkJoinPool.commonPool-worker-1] INFO  New version available: v2.2.4
2026-07-21 12:40:52.541 [Thread-28] INFO  Starting auto-routing...
2026-07-21 12:40:55.148 [Thread-28] INFO  Auto-routing was completed in 2.60 seconds.
2026-07-21 12:40:55.257 [Thread-28] INFO  Starting route optimization on 1 thread...
2026-07-21 12:40:55.652 [Thread-28] INFO  Route optimization was completed in 0.39 seconds and it improved the design by ~0.00%.
2026-07-21 12:40:55.671 [Thread-28] INFO  Saving '/Users/tapir/Development/CadenzaOS/hardware/rev-a/product-d1/kicad/production-v42-priority/cadenza-d1-v43b-local-routed.ses'...
2026-07-21 12:51:23.772 [main] INFO  Freerouting v1.9.0 (build-date: 2023-10-30)
2026-07-21 12:51:23.814 [main] INFO  Settings were loaded from freerouting.json
2026-07-21 12:51:24.824 [main] INFO  Opening '/Users/tapir/Development/CadenzaOS/hardware/rev-a/product-d1/kicad/production-v42-priority/cadenza-d1-v43b-controls.dsn'...
2026-07-21 12:51:25.896 [ForkJoinPool.commonPool-worker-1] INFO  New version available: v2.2.4
2026-07-21 12:51:47.226 [Thread-28] INFO  Starting auto-routing...
2026-07-21 12:51:47.420 [Thread-28] INFO  Auto-routing was completed in 0.19 seconds.
2026-07-21 12:51:47.531 [Thread-28] INFO  Starting route optimization on 1 thread...
2026-07-21 12:51:47.535 [Thread-28] INFO  Route optimization was completed in 0.00 seconds.
2026-07-21 12:51:47.562 [Thread-28] INFO  Saving '/Users/tapir/Development/CadenzaOS/hardware/rev-a/product-d1/kicad/production-v42-priority/cadenza-d1-v43b-controls-routed.ses'...
2026-07-21 13:14:04.923 [main] INFO  Freerouting v1.9.0 (build-date: 2023-10-30)
2026-07-21 13:14:04.969 [main] INFO  Settings were loaded from freerouting.json
2026-07-21 13:14:06.622 [ForkJoinPool.commonPool-worker-1] INFO  New version available: v2.2.4
2026-07-21 13:26:28.377 [main] INFO  Freerouting v1.9.0 (build-date: 2023-10-30)
2026-07-21 13:26:28.415 [main] INFO  Settings were loaded from freerouting.json
2026-07-21 13:26:29.425 [main] INFO  Opening '/Users/tapir/Development/CadenzaOS/hardware/rev-a/product-d1/kicad/production-v42-priority/cadenza-d1-v44-u4-reroute.dsn'...
2026-07-21 13:26:30.096 [ForkJoinPool.commonPool-worker-1] INFO  New version available: v2.2.4
2026-07-21 13:26:51.633 [Thread-27] INFO  Starting auto-routing...
2026-07-21 13:26:52.739 [Thread-27] INFO  Auto-routing was completed in 1.10 seconds.
2026-07-21 13:26:52.849 [Thread-27] INFO  Starting route optimization on 1 thread...
2026-07-21 13:26:56.069 [Thread-27] INFO  Route optimization was completed in 3.21 seconds.
2026-07-21 13:26:56.089 [Thread-27] INFO  Saving '/Users/tapir/Development/CadenzaOS/hardware/rev-a/product-d1/kicad/production-v42-priority/cadenza-d1-v44-u4-reroute-v190.ses'...
2026-07-21 13:37:54.424 [main] INFO  Freerouting v1.9.0 (build-date: 2023-10-30)
2026-07-21 13:37:54.458 [main] INFO  Settings were loaded from freerouting.json
2026-07-21 13:37:55.476 [main] INFO  Opening '/Users/tapir/Development/CadenzaOS/hardware/rev-a/product-d1/kicad/production-v42-priority/cadenza-d1-v45-pg-reroute.dsn'...
2026-07-21 13:37:56.114 [ForkJoinPool.commonPool-worker-1] INFO  New version available: v2.2.4
2026-07-21 13:38:17.546 [Thread-27] INFO  Starting auto-routing...
2026-07-21 13:38:19.694 [Thread-27] INFO  Auto-routing was completed in 2.15 seconds.
2026-07-21 13:38:19.801 [Thread-27] INFO  Starting route optimization on 1 thread...
2026-07-21 13:38:21.716 [Thread-27] INFO  Route optimization was completed in 1.91 seconds.
2026-07-21 13:38:21.735 [Thread-27] INFO  Saving '/Users/tapir/Development/CadenzaOS/hardware/rev-a/product-d1/kicad/production-v42-priority/cadenza-d1-v45-pg-reroute.ses'...
2026-07-21 13:44:01.680 [main] INFO  Freerouting v1.9.0 (build-date: 2023-10-30)
2026-07-21 13:44:01.715 [main] INFO  Settings were loaded from freerouting.json
2026-07-21 13:44:02.730 [main] INFO  Opening '/Users/tapir/Development/CadenzaOS/hardware/rev-a/product-d1/kicad/production-v42-priority/cadenza-d1-v45b-pg-reroute.dsn'...
2026-07-21 13:44:03.368 [ForkJoinPool.commonPool-worker-1] INFO  New version available: v2.2.4
2026-07-21 13:44:24.693 [Thread-28] INFO  Starting auto-routing...
2026-07-21 13:44:25.177 [Thread-28] INFO  Auto-routing was completed in 0.48 seconds.
2026-07-21 13:44:25.288 [Thread-28] INFO  Starting route optimization on 1 thread...
2026-07-21 13:44:31.048 [Thread-28] INFO  Route optimization was completed in 5.76 seconds and it improved the design by ~0.07%.
2026-07-21 13:44:31.069 [Thread-28] INFO  Saving '/Users/tapir/Development/CadenzaOS/hardware/rev-a/product-d1/kicad/production-v42-priority/cadenza-d1-v45b-pg-reroute.ses'...
2026-07-21 14:01:51.526 [main] INFO  Freerouting v1.9.0 (build-date: 2023-10-30)
2026-07-21 14:01:51.561 [main] INFO  Settings were loaded from freerouting.json
2026-07-21 14:01:52.573 [main] INFO  Opening '/Users/tapir/Development/CadenzaOS/hardware/rev-a/product-d1/kicad/production-v42-priority/cadenza-d1-v46-controls-reroute.dsn'...
2026-07-21 14:01:53.391 [ForkJoinPool.commonPool-worker-1] INFO  New version available: v2.2.4
2026-07-21 14:02:14.662 [Thread-28] INFO  Starting auto-routing...
2026-07-21 14:02:15.970 [Thread-28] INFO  Auto-routing was completed in 1.31 seconds.
2026-07-21 14:02:16.082 [Thread-28] INFO  Starting route optimization on 1 thread...
2026-07-21 14:02:22.939 [Thread-28] INFO  Route optimization was completed in 6.86 seconds and it improved the design by ~0.01%.
2026-07-21 14:02:22.961 [Thread-28] INFO  Saving '/Users/tapir/Development/CadenzaOS/hardware/rev-a/product-d1/kicad/production-v42-priority/cadenza-d1-v46-controls-reroute.ses'...
