** Drc report for cadenza-d1-v45-pg-reroute-base.kicad_pcb **
** Created on 2026-07-21T13:37:16 **
** Report includes: Errors, Warnings **

** Found 0 DRC violations **

** Found 11 unconnected pads **
[unconnected_items]: Missing connection between items
    Local override; error
    @(141.7500 mm, 67.2500 mm): 填充区[/GND]在 B.Cu 上, 优先级 0
    @(141.7500 mm, 67.2500 mm): 填充区[/GND]在 B.Cu 上, 优先级 0
[unconnected_items]: Missing connection between items
    Local override; error
    @(141.7500 mm, 67.2500 mm): 填充区[/GND]在 B.Cu 上, 优先级 0
    @(141.7500 mm, 67.2500 mm): 填充区[/GND]在 B.Cu 上, 优先级 0
[unconnected_items]: Missing connection between items
    Local override; error
    @(141.7500 mm, 67.2500 mm): 填充区[/GND]在 B.Cu 上, 优先级 0
    @(141.7500 mm, 67.2500 mm): 填充区[/GND]在 B.Cu 上, 优先级 0
[unconnected_items]: Missing connection between items
    Local override; error
    @(141.7500 mm, 67.2500 mm): 填充区[/GND]在 B.Cu 上, 优先级 0
    @(141.7500 mm, 67.2500 mm): 填充区[/GND]在 B.Cu 上, 优先级 0
[unconnected_items]: Missing connection between items
    Local override; error
    @(141.7500 mm, 67.2500 mm): 填充区[/GND]在 B.Cu 上, 优先级 0
    @(141.7500 mm, 67.2500 mm): 填充区[/GND]在 B.Cu 上, 优先级 0
[unconnected_items]: Missing connection between items
    Local override; error
    @(141.7500 mm, 67.2500 mm): 填充区[/GND]在 B.Cu 上, 优先级 0
    @(141.7500 mm, 67.2500 mm): 填充区[/GND]在 B.Cu 上, 优先级 0
[unconnected_items]: Missing connection between items
    Local override; error
    @(141.7500 mm, 67.2500 mm): 填充区[/GND]在 B.Cu 上, 优先级 0
    @(141.7500 mm, 67.2500 mm): 填充区[/GND]在 B.Cu 上, 优先级 0
[unconnected_items]: Missing connection between items
    Local override; error
    @(141.7500 mm, 67.2500 mm): 填充区[/GND]在 B.Cu 上, 优先级 0
    @(141.7500 mm, 67.2500 mm): 填充区[/GND]在 B.Cu 上, 优先级 0
[unconnected_items]: Missing connection between items
    Local override; error
    @(141.7500 mm, 67.2500 mm): 填充区[/GND]在 B.Cu 上, 优先级 0
    @(141.7500 mm, 67.2500 mm): 填充区[/GND]在 B.Cu 上, 优先级 0
[unconnected_items]: Missing connection between items
    Local override; error
    @(87.0000 mm, 65.0000 mm): B.Cu 上 TP4 的焊盘 1 [/PG_3V3_N]
    @(127.7500 mm, 93.0400 mm): B.Cu 上 U3 的焊盘 2 [/PG_3V3_N]
[unconnected_items]: Missing connection between items
    Local override; error
    @(127.7500 mm, 93.0400 mm): B.Cu 上 U3 的焊盘 2 [/PG_3V3_N]
    @(141.1750 mm, 89.5000 mm): B.Cu 上 R76 的焊盘 1 [/PG_3V3_N]

** Found 0 Footprint errors **

** Ignored checks **
    - Footprint has no courtyard defined
    - Track endpoint not centered on via
    - Tuning profile track geometries
    - Footprint doesn't match symbol's footprint filters
    - Footprint component type doesn't match footprint pads

** End of Report **
