** Drc report for cadenza-d1-v42-full-routed-final.kicad_pcb **
** Created on 2026-07-21T12:00:07 **
** Report includes: Errors, Warnings **

** Found 18 DRC violations **
[copper_edge_clearance]: 电路板边缘间距违规 (<电路板配置> 中的 "板边" 约束 间距 0.5000 mm; 实际 0.3511 mm)
    Rule: <电路板配置> 中的 "板边" 约束; error
    @(160.0000 mm, 114.0000 mm): Edge.Cuts 上的 线段
    @(129.4134 mm, 113.0489 mm): 走线 [/VBAT] (B.Cu), 长度: 2.9044 mm
[copper_edge_clearance]: 电路板边缘间距违规 (<电路板配置> 中的 "板边" 约束 间距 0.5000 mm; 实际 0.3511 mm)
    Rule: <电路板配置> 中的 "板边" 约束; error
    @(160.0000 mm, 114.0000 mm): Edge.Cuts 上的 线段
    @(130.9623 mm, 111.5000 mm): 走线 [/VBAT] (B.Cu), 长度: 2.1905 mm
[copper_edge_clearance]: 电路板边缘间距违规 (<电路板配置> 中的 "板边" 约束 间距 0.5000 mm; 实际 0.3511 mm)
    Rule: <电路板配置> 中的 "板边" 约束; error
    @(160.0000 mm, 114.0000 mm): Edge.Cuts 上的 线段
    @(122.1263 mm, 113.0489 mm): 走线 [/VBAT] (POWER), 长度: 4.3827 mm
[copper_edge_clearance]: 电路板边缘间距违规 (<电路板配置> 中的 "板边" 约束 间距 0.5000 mm; 实际 0.3511 mm)
    Rule: <电路板配置> 中的 "板边" 约束; error
    @(160.0000 mm, 114.0000 mm): Edge.Cuts 上的 线段
    @(118.8217 mm, 109.7443 mm): 走线 [/VBAT] (POWER), 长度: 4.6734 mm
[starved_thermal]: 缓释热焊盘 (花焊盘) 与填充区的连接不完整 (层 GND; 填充区 最小引线数量 2; 实际 1)
    Local override; error
    @(141.7500 mm, 67.2500 mm): 填充区[/GND]在 GND 上, 优先级 0
    @(128.0000 mm, 106.7250 mm): U7 的PTH 焊盘 13 [/GND]
[track_dangling]: Track has unconnected end
    Local override; warning
    @(113.9530 mm, 102.8590 mm): 走线 [/USB_D+_CONN] (B.Cu), 长度: 0.0005 mm
[track_dangling]: Track has unconnected end
    Local override; warning
    @(144.7320 mm, 104.0195 mm): 走线 [/CHG_N] (B.Cu), 长度: 0.3811 mm
[track_dangling]: Track has unconnected end
    Local override; warning
    @(141.5065 mm, 100.7940 mm): 走线 [/ISET_SET] (B.Cu), 长度: 1.0515 mm
[track_dangling]: Track has unconnected end
    Local override; warning
    @(122.5190 mm, 111.7500 mm): 走线 [/PACKP] (B.Cu), 长度: 2.2685 mm
[silk_overlap]: Silkscreen clearance
    Rule: <电路板配置> 中的 "丝印" 约束; warning
    @(139.0000 mm, 69.5700 mm): C82 的参考字段
    @(138.8594 mm, 69.5100 mm): C81 的 线段, 位于 B.Silkscreen
[silk_overlap]: Silkscreen clearance
    Rule: <电路板配置> 中的 "丝印" 约束; warning
    @(154.7627 mm, 92.5225 mm): R93 的 线段, 位于 B.Silkscreen
    @(154.0000 mm, 92.5700 mm): C90 的参考字段
[silk_overlap]: Silkscreen clearance
    Rule: <电路板配置> 中的 "丝印" 约束; warning
    @(127.9993 mm, 108.5174 mm): U7 的参考字段
    @(128.0000 mm, 108.8700 mm): R73 的参考字段
[silk_over_copper]: Silkscreen clipped by solder mask
    Local override; warning
    @(139.0000 mm, 69.5700 mm): C82 的参考字段
    @(139.7750 mm, 69.0000 mm): B.Cu 上 C81 的焊盘 2 [/GND]
[silk_over_copper]: Silkscreen clipped by solder mask
    Local override; warning
    @(139.0000 mm, 69.5700 mm): C82 的参考字段
    @(138.2250 mm, 69.0000 mm): B.Cu 上 C81 的焊盘 1 [/+3V3_MAIN]
[silk_over_copper]: Silkscreen clipped by solder mask
    Local override; warning
    @(154.0000 mm, 92.5700 mm): C90 的参考字段
    @(154.1750 mm, 92.0000 mm): B.Cu 上 R93 的焊盘 1 [/SD_CD]
[silk_over_copper]: Silkscreen clipped by solder mask
    Local override; warning
    @(157.0000 mm, 92.5700 mm): C91 的参考字段
    @(155.8250 mm, 92.0000 mm): B.Cu 上 R93 的焊盘 2 [/+3V3_MAIN]
[silk_over_copper]: Silkscreen clipped by solder mask
    Local override; warning
    @(154.0000 mm, 92.5700 mm): C90 的参考字段
    @(152.8250 mm, 92.0000 mm): B.Cu 上 R92 的焊盘 2 [/+3V3_MAIN]
[silk_over_copper]: Silkscreen clipped by solder mask
    Local override; warning
    @(145.0000 mm, 105.5700 mm): R77 的参考字段
    @(146.1750 mm, 105.5000 mm): B.Cu 上 R75 的焊盘 1 [/PGOOD_N]

** Found 25 unconnected pads **
[unconnected_items]: Missing connection between items
    Local override; error
    @(141.7500 mm, 67.2500 mm): 填充区[/GND]在 B.Cu 上, 优先级 0
    @(141.7500 mm, 67.2500 mm): 填充区[/GND]在 B.Cu 上, 优先级 0
[unconnected_items]: Missing connection between items
    Local override; error
    @(141.7500 mm, 67.2500 mm): 填充区[/GND]在 B.Cu 上, 优先级 0
    @(141.7500 mm, 67.2500 mm): 填充区[/GND]在 B.Cu 上, 优先级 0
[unconnected_items]: Missing connection between items
    Local override; error
    @(141.7500 mm, 67.2500 mm): 填充区[/GND]在 B.Cu 上, 优先级 0
    @(126.1000 mm, 106.2000 mm): B.Cu 上 U7 的焊盘 3 [/GND]
[unconnected_items]: Missing connection between items
    Local override; error
    @(141.7500 mm, 67.2500 mm): 填充区[/GND]在 B.Cu 上, 优先级 0
    @(141.7500 mm, 67.2500 mm): 填充区[/GND]在 B.Cu 上, 优先级 0
[unconnected_items]: Missing connection between items
    Local override; error
    @(141.7500 mm, 67.2500 mm): 填充区[/GND]在 B.Cu 上, 优先级 0
    @(141.7500 mm, 67.2500 mm): 填充区[/GND]在 B.Cu 上, 优先级 0
[unconnected_items]: Missing connection between items
    Local override; error
    @(141.7500 mm, 67.2500 mm): 填充区[/GND]在 B.Cu 上, 优先级 0
    @(141.7500 mm, 67.2500 mm): 填充区[/GND]在 B.Cu 上, 优先级 0
[unconnected_items]: Missing connection between items
    Local override; error
    @(141.7500 mm, 67.2500 mm): 填充区[/GND]在 B.Cu 上, 优先级 0
    @(141.7500 mm, 67.2500 mm): 填充区[/GND]在 B.Cu 上, 优先级 0
[unconnected_items]: Missing connection between items
    Local override; error
    @(141.7500 mm, 67.2500 mm): 填充区[/GND]在 B.Cu 上, 优先级 0
    @(141.7500 mm, 67.2500 mm): 填充区[/GND]在 B.Cu 上, 优先级 0
[unconnected_items]: Missing connection between items
    Local override; error
    @(141.7500 mm, 67.2500 mm): 填充区[/GND]在 B.Cu 上, 优先级 0
    @(141.7500 mm, 67.2500 mm): 填充区[/GND]在 B.Cu 上, 优先级 0
[unconnected_items]: Missing connection between items
    Local override; error
    @(141.7500 mm, 67.2500 mm): 填充区[/GND]在 B.Cu 上, 优先级 0
    @(141.7500 mm, 67.2500 mm): 填充区[/GND]在 B.Cu 上, 优先级 0
[unconnected_items]: Missing connection between items
    Local override; error
    @(141.7500 mm, 67.2500 mm): 填充区[/GND]在 B.Cu 上, 优先级 0
    @(141.7500 mm, 67.2500 mm): 填充区[/GND]在 B.Cu 上, 优先级 0
[unconnected_items]: Missing connection between items
    Local override; error
    @(141.7500 mm, 67.2500 mm): 填充区[/GND]在 B.Cu 上, 优先级 0
    @(141.7500 mm, 67.2500 mm): 填充区[/GND]在 B.Cu 上, 优先级 0
[unconnected_items]: Missing connection between items
    Local override; error
    @(141.7500 mm, 67.2500 mm): 填充区[/GND]在 F.Cu 上, 优先级 0
    @(141.7500 mm, 67.2500 mm): 填充区[/GND]在 GND 上, 优先级 0
[unconnected_items]: Missing connection between items
    Local override; error
    @(152.0993 mm, 91.0790 mm): 走线 [/SD_CD] (POWER), 长度: 1.9201 mm
    @(146.5550 mm, 86.5000 mm): B.Cu 上 U1 的焊盘 17 [/SD_CD]
[unconnected_items]: Missing connection between items
    Local override; error
    @(117.1375 mm, 101.9500 mm): B.Cu 上 U8 的焊盘 4 [/USB_D+]
    @(142.2500 mm, 85.2500 mm): B.Cu 上 U1 的焊盘 14 [/USB_D+]
[unconnected_items]: Missing connection between items
    Local override; error
    @(134.7400 mm, 79.5000 mm): B.Cu 上 U4 的焊盘 6 [/+5V_MEDIA]
    @(130.9222 mm, 82.0683 mm): 走线 [/+5V_MEDIA] (POWER), 长度: 0.0001 mm
[unconnected_items]: Missing connection between items
    Local override; error
    @(122.2250 mm, 88.0000 mm): B.Cu 上 C14 的焊盘 1 [/VAUX_3V3]
    @(128.2500 mm, 93.0400 mm): B.Cu 上 U3 的焊盘 3 [/VAUX_3V3]
[unconnected_items]: Missing connection between items
    Local override; error
    @(127.5000 mm, 94.9600 mm): B.Cu 上 U3 的焊盘 11 [/L3V3_A]
    @(130.6000 mm, 94.0000 mm): B.Cu 上 L1 的焊盘 1 [/L3V3_A]
[unconnected_items]: Missing connection between items
    Local override; error
    @(128.5000 mm, 94.9600 mm): B.Cu 上 U3 的焊盘 9 [/L3V3_B]
    @(133.4000 mm, 94.0000 mm): B.Cu 上 L1 的焊盘 2 [/L3V3_B]
[unconnected_items]: Missing connection between items
    Local override; error
    @(127.7500 mm, 93.0400 mm): B.Cu 上 U3 的焊盘 2 [/PG_3V3_N]
    @(126.4339 mm, 87.5000 mm): 走线 [/PG_3V3_N] (POWER), 长度: 0.0001 mm
[unconnected_items]: Missing connection between items
    Local override; error
    @(138.5000 mm, 105.0000 mm): 走线 [/VBAT] (B.Cu), 长度: 2.6575 mm
    @(138.2250 mm, 100.8000 mm): B.Cu 上 C3 的焊盘 1 [/VBAT]
[unconnected_items]: Missing connection between items
    Local override; error
    @(115.9799 mm, 87.1549 mm): 走线 [/FB_3V3] (B.Cu), 长度: 1.1952 mm
    @(129.4000 mm, 93.4600 mm): B.Cu 上 U3 的焊盘 5 [/FB_3V3]
[unconnected_items]: Missing connection between items
    Local override; error
    @(134.7400 mm, 80.0000 mm): B.Cu 上 U4 的焊盘 5 [/BOOST_SW]
    @(135.4000 mm, 90.0000 mm): B.Cu 上 L2 的焊盘 2 [/BOOST_SW]
[unconnected_items]: Missing connection between items
    Local override; error
    @(69.2250 mm, 94.4480 mm): 走线 [/+5V_AUDIO] (B.Cu), 长度: 1.1520 mm
    @(64.7500 mm, 95.4375 mm): 走线 [/+5V_AUDIO] (B.Cu), 长度: 0.1254 mm
[unconnected_items]: Missing connection between items
    Local override; error
    @(61.0000 mm, 106.5000 mm): B.Cu 上 J5 的焊盘 1 [/SPK+]
    @(65.4375 mm, 94.7500 mm): B.Cu 上 U5 的焊盘 9 [/SPK+]

** Found 0 Footprint errors **

** Ignored checks **
    - Footprint has no courtyard defined
    - Track endpoint not centered on via
    - Tuning profile track geometries
    - Footprint doesn't match symbol's footprint filters
    - Footprint component type doesn't match footprint pads

** End of Report **
