** Drc report for cadenza-d1-v42-full-routed.kicad_pcb **
** Created on 2026-07-21T11:31:23 **
** Report includes: Errors, Warnings, Exclusions **

** Found 15 DRC violations **
[clearance]: 间距违规 (焊盘 间距 0.6000 mm; 实际 0.5012 mm)
    Local override; error
    @(135.1521 mm, 63.2923 mm): 过孔 [/UART_RX0] (F.Cu - B.Cu)
    @(135.0000 mm, 62.0000 mm): F.Cu 上 FID2 的焊盘 [<no net>]
[clearance]: 间距违规 (焊盘 间距 0.6000 mm; 实际 0.2493 mm)
    Local override; error
    @(135.0000 mm, 62.0000 mm): F.Cu 上 FID2 的焊盘 [<no net>]
    @(133.9895 mm, 62.2826 mm): 过孔 [/UART_TX0] (F.Cu - B.Cu)
[hole_clearance]: 孔间距违规 (焊盘 间距 0.6000 mm; 实际 0.3993 mm)
    Local override; error
    @(135.0000 mm, 62.0000 mm): F.Cu 上 FID2 的焊盘 [<no net>]
    @(133.9895 mm, 62.2826 mm): 过孔 [/UART_TX0] (F.Cu - B.Cu)
[solder_mask_bridge]: 顶层阻焊开窗区域与不同网络的项目相连
    Rule: <电路板配置> 中的 "阻焊层最小宽度"; error
    @(133.9895 mm, 62.2826 mm): 过孔 [/UART_TX0] (F.Cu - B.Cu)
    @(135.0000 mm, 62.0000 mm): F.Cu 上 FID2 的焊盘 [<no net>]
[track_dangling]: Track has unconnected end
    Local override; warning
    @(124.6243 mm, 106.1754 mm): 走线 [/I2C_SDA] (B.Cu), 长度: 0.4626 mm
[track_dangling]: Track has unconnected end
    Local override; warning
    @(114.9265 mm, 105.8483 mm): 走线 [/I2C_SDA] (POWER), 长度: 10.0249 mm
[silk_overlap]: Silkscreen clearance
    Rule: <电路板配置> 中的 "丝印" 约束; warning
    @(139.0000 mm, 69.5700 mm): C82 的参考字段
    @(138.8594 mm, 69.5100 mm): C81 的 线段, 位于 B.Silkscreen
[silk_overlap]: Silkscreen clearance
    Rule: <电路板配置> 中的 "丝印" 约束; warning
    @(154.7627 mm, 92.5225 mm): R93 的 线段, 位于 B.Silkscreen
    @(154.0000 mm, 92.5700 mm): C90 的参考字段
[silk_overlap]: Silkscreen clearance
    Rule: <电路板配置> 中的 "丝印" 约束; warning
    @(127.9993 mm, 108.5174 mm): U7 的参考字段
    @(128.0000 mm, 108.8700 mm): R73 的参考字段
[silk_over_copper]: Silkscreen clipped by solder mask
    Local override; warning
    @(139.0000 mm, 69.5700 mm): C82 的参考字段
    @(139.7750 mm, 69.0000 mm): B.Cu 上 C81 的焊盘 2 [/GND]
[silk_over_copper]: Silkscreen clipped by solder mask
    Local override; warning
    @(139.0000 mm, 69.5700 mm): C82 的参考字段
    @(138.2250 mm, 69.0000 mm): B.Cu 上 C81 的焊盘 1 [/+3V3_MAIN]
[silk_over_copper]: Silkscreen clipped by solder mask
    Local override; warning
    @(154.0000 mm, 92.5700 mm): C90 的参考字段
    @(154.1750 mm, 92.0000 mm): B.Cu 上 R93 的焊盘 1 [/SD_CD]
[silk_over_copper]: Silkscreen clipped by solder mask
    Local override; warning
    @(157.0000 mm, 92.5700 mm): C91 的参考字段
    @(155.8250 mm, 92.0000 mm): B.Cu 上 R93 的焊盘 2 [/+3V3_MAIN]
[silk_over_copper]: Silkscreen clipped by solder mask
    Local override; warning
    @(154.0000 mm, 92.5700 mm): C90 的参考字段
    @(152.8250 mm, 92.0000 mm): B.Cu 上 R92 的焊盘 2 [/+3V3_MAIN]
[silk_over_copper]: Silkscreen clipped by solder mask
    Local override; warning
    @(145.0000 mm, 105.5700 mm): R77 的参考字段
    @(146.1750 mm, 105.5000 mm): B.Cu 上 R75 的焊盘 1 [/PGOOD_N]

** Found 35 unconnected pads **
[unconnected_items]: Missing connection between items
    Local override; error
    @(126.6000 mm, 93.9600 mm): B.Cu 上 U3 的焊盘 14 [/RUN_EN]
    @(122.8978 mm, 91.7772 mm): 走线 [/RUN_EN] (B.Cu), 长度: 1.5451 mm
[unconnected_items]: Missing connection between items
    Local override; error
    @(133.2600 mm, 80.0000 mm): B.Cu 上 U4 的焊盘 2 [/RUN_EN]
    @(123.1750 mm, 91.5000 mm): B.Cu 上 R30 的焊盘 1 [/RUN_EN]
[unconnected_items]: Missing connection between items
    Local override; error
    @(141.7500 mm, 67.2500 mm): 填充区[/GND]在 B.Cu 上, 优先级 0
    @(141.7500 mm, 67.2500 mm): 填充区[/GND]在 B.Cu 上, 优先级 0
[unconnected_items]: Missing connection between items
    Local override; error
    @(141.7500 mm, 67.2500 mm): 填充区[/GND]在 B.Cu 上, 优先级 0
    @(141.7500 mm, 67.2500 mm): 填充区[/GND]在 F.Cu 上, 优先级 0
[unconnected_items]: Missing connection between items
    Local override; error
    @(141.7500 mm, 67.2500 mm): 填充区[/GND]在 B.Cu 上, 优先级 0
    @(141.7500 mm, 67.2500 mm): 填充区[/GND]在 B.Cu 上, 优先级 0
[unconnected_items]: Missing connection between items
    Local override; error
    @(141.7500 mm, 67.2500 mm): 填充区[/GND]在 B.Cu 上, 优先级 0
    @(141.7500 mm, 67.2500 mm): 填充区[/GND]在 F.Cu 上, 优先级 0
[unconnected_items]: Missing connection between items
    Local override; error
    @(141.7500 mm, 67.2500 mm): 填充区[/GND]在 B.Cu 上, 优先级 0
    @(141.7500 mm, 67.2500 mm): 填充区[/GND]在 B.Cu 上, 优先级 0
[unconnected_items]: Missing connection between items
    Local override; error
    @(141.7500 mm, 67.2500 mm): 填充区[/GND]在 B.Cu 上, 优先级 0
    @(141.7500 mm, 67.2500 mm): 填充区[/GND]在 B.Cu 上, 优先级 0
[unconnected_items]: Missing connection between items
    Local override; error
    @(141.7500 mm, 67.2500 mm): 填充区[/GND]在 B.Cu 上, 优先级 0
    @(141.7500 mm, 67.2500 mm): 填充区[/GND]在 B.Cu 上, 优先级 0
[unconnected_items]: Missing connection between items
    Local override; error
    @(126.1000 mm, 106.2000 mm): B.Cu 上 U7 的焊盘 3 [/GND]
    @(141.7500 mm, 67.2500 mm): 填充区[/GND]在 B.Cu 上, 优先级 0
[unconnected_items]: Missing connection between items
    Local override; error
    @(126.6000 mm, 93.4600 mm): B.Cu 上 U3 的焊盘 15 [/GND]
    @(141.7500 mm, 67.2500 mm): 填充区[/GND]在 B.Cu 上, 优先级 0
[unconnected_items]: Missing connection between items
    Local override; error
    @(141.7500 mm, 67.2500 mm): 填充区[/GND]在 B.Cu 上, 优先级 0
    @(141.7500 mm, 67.2500 mm): 填充区[/GND]在 B.Cu 上, 优先级 0
[unconnected_items]: Missing connection between items
    Local override; error
    @(129.4000 mm, 93.9600 mm): B.Cu 上 U3 的焊盘 6 [/GND]
    @(141.7500 mm, 67.2500 mm): 填充区[/GND]在 B.Cu 上, 优先级 0
[unconnected_items]: Missing connection between items
    Local override; error
    @(141.7500 mm, 67.2500 mm): 填充区[/GND]在 B.Cu 上, 优先级 0
    @(141.7500 mm, 67.2500 mm): 填充区[/GND]在 B.Cu 上, 优先级 0
[unconnected_items]: Missing connection between items
    Local override; error
    @(141.7500 mm, 67.2500 mm): 填充区[/GND]在 B.Cu 上, 优先级 0
    @(141.7500 mm, 67.2500 mm): 填充区[/GND]在 B.Cu 上, 优先级 0
[unconnected_items]: Missing connection between items
    Local override; error
    @(141.7500 mm, 67.2500 mm): 填充区[/GND]在 B.Cu 上, 优先级 0
    @(141.7500 mm, 67.2500 mm): 填充区[/GND]在 B.Cu 上, 优先级 0
[unconnected_items]: Missing connection between items
    Local override; error
    @(141.7500 mm, 67.2500 mm): 填充区[/GND]在 B.Cu 上, 优先级 0
    @(141.7500 mm, 67.2500 mm): 填充区[/GND]在 B.Cu 上, 优先级 0
[unconnected_items]: Missing connection between items
    Local override; error
    @(141.7500 mm, 67.2500 mm): 填充区[/GND]在 GND 上, 优先级 0
    @(141.7500 mm, 67.2500 mm): 填充区[/GND]在 B.Cu 上, 优先级 0
[unconnected_items]: Missing connection between items
    Local override; error
    @(141.7500 mm, 67.2500 mm): 填充区[/GND]在 B.Cu 上, 优先级 0
    @(141.7500 mm, 67.2500 mm): 填充区[/GND]在 B.Cu 上, 优先级 0
[unconnected_items]: Missing connection between items
    Local override; error
    @(141.7500 mm, 67.2500 mm): 填充区[/GND]在 B.Cu 上, 优先级 0
    @(141.7500 mm, 67.2500 mm): 填充区[/GND]在 B.Cu 上, 优先级 0
[unconnected_items]: Missing connection between items
    Local override; error
    @(141.7500 mm, 67.2500 mm): 填充区[/GND]在 GND 上, 优先级 0
    @(141.7500 mm, 67.2500 mm): 填充区[/GND]在 B.Cu 上, 优先级 0
[unconnected_items]: Missing connection between items
    Local override; error
    @(63.2250 mm, 60.8000 mm): 走线 [/+3V3_MAIN] (B.Cu), 长度: 1.4026 mm
    @(77.6245 mm, 89.1231 mm): 走线 [/+3V3_MAIN] (POWER), 长度: 6.1781 mm
[unconnected_items]: Missing connection between items
    Local override; error
    @(134.7250 mm, 103.6000 mm): 走线 [/VBUS] (B.Cu), 长度: 2.2240 mm
    @(143.7500 mm, 101.5375 mm): B.Cu 上 U2 的焊盘 13 [/VBUS]
[unconnected_items]: Missing connection between items
    Local override; error
    @(131.1750 mm, 103.6000 mm): B.Cu 上 R5 的焊盘 1 [/ITERM_SET]
    @(142.7500 mm, 101.5375 mm): B.Cu 上 U2 的焊盘 15 [/ITERM_SET]
[unconnected_items]: Missing connection between items
    Local override; error
    @(144.4625 mm, 103.7500 mm): B.Cu 上 U2 的焊盘 9 [/CHG_N]
    @(144.9595 mm, 105.9897 mm): 过孔 [/CHG_N] (F.Cu - B.Cu)
[unconnected_items]: Missing connection between items
    Local override; error
    @(114.9265 mm, 105.8483 mm): 走线 [/I2C_SDA] (POWER), 长度: 10.0249 mm
    @(124.6243 mm, 106.1754 mm): 走线 [/I2C_SDA] (B.Cu), 长度: 0.4626 mm
[unconnected_items]: Missing connection between items
    Local override; error
    @(124.6243 mm, 106.1754 mm): 走线 [/I2C_SDA] (B.Cu), 长度: 0.4626 mm
    @(142.2500 mm, 82.7100 mm): B.Cu 上 U1 的焊盘 12 [/I2C_SDA]
[unconnected_items]: Missing connection between items
    Local override; error
    @(129.9000 mm, 107.0000 mm): B.Cu 上 U7 的焊盘 12 [/GAUGE_INT_N]
    @(134.3093 mm, 107.6045 mm): 走线 [/GAUGE_INT_N] (B.Cu), 长度: 0.4702 mm
[unconnected_items]: Missing connection between items
    Local override; error
    @(64.2500 mm, 92.5625 mm): B.Cu 上 U5 的焊盘 14 [/I2S_LRCLK]
    @(159.7500 mm, 77.6300 mm): B.Cu 上 U1 的焊盘 33 [/I2S_LRCLK]
[unconnected_items]: Missing connection between items
    Local override; error
    @(146.1750 mm, 104.5473 mm): 走线 [/PGOOD_N] (B.Cu), 长度: 0.0023 mm
    @(143.2500 mm, 104.4625 mm): B.Cu 上 U2 的焊盘 7 [/PGOOD_N]
[unconnected_items]: Missing connection between items
    Local override; error
    @(123.2750 mm, 105.0000 mm): B.Cu 上 C70 的焊盘 1 [/PACKP]
    @(124.0000 mm, 105.0000 mm): 走线 [/PACKP] (B.Cu), 长度: 5.0000 mm
[unconnected_items]: Missing connection between items
    Local override; error
    @(129.4000 mm, 93.4600 mm): B.Cu 上 U3 的焊盘 5 [/FB_3V3]
    @(116.8250 mm, 89.1500 mm): 走线 [/FB_3V3] (B.Cu), 长度: 1.1500 mm
[unconnected_items]: Missing connection between items
    Local override; error
    @(123.2750 mm, 108.0000 mm): B.Cu 上 C71 的焊盘 1 [/GAUGE_VDD]
    @(126.1000 mm, 105.4000 mm): B.Cu 上 U7 的焊盘 5 [/GAUGE_VDD]
[unconnected_items]: Missing connection between items
    Local override; error
    @(131.1750 mm, 98.0000 mm): B.Cu 上 R3 的焊盘 1 [/ILIM_SET]
    @(144.4625 mm, 102.2500 mm): B.Cu 上 U2 的焊盘 12 [/ILIM_SET]
[unconnected_items]: Missing connection between items
    Local override; error
    @(134.6750 mm, 98.0000 mm): B.Cu 上 R6 的焊盘 1 [/TMR_SET]
    @(143.2500 mm, 101.5375 mm): B.Cu 上 U2 的焊盘 14 [/TMR_SET]

** Found 0 Footprint errors **

** Ignored checks **
    - Footprint has no courtyard defined
    - Track endpoint not centered on via
    - Tuning profile track geometries
    - Footprint doesn't match symbol's footprint filters
    - Footprint component type doesn't match footprint pads

** End of Report **
