** Drc report for cadenza-d1-v43b-local-candidate.kicad_pcb **
** Created on 2026-07-21T12:46:15 **
** Report includes: Errors, Warnings **

** Found 55 DRC violations **
[clearance]: 间距违规 ( 间距 0.1500 mm; 实际 0.0492 mm)
    Local override; error
    @(126.9444 mm, 92.7310 mm): 走线 [/+3V3_MAIN] (B.Cu), 长度: 0.4322 mm
    @(127.1000 mm, 92.2830 mm): 过孔 [/PG_3V3_N] (F.Cu - B.Cu)
[shorting_items]: 短路了两个不同网络的项目 (网络 /+3V3_MAIN 和 /PG_3V3_N)
    Local override; error
    @(126.9444 mm, 92.7310 mm): 走线 [/+3V3_MAIN] (B.Cu), 长度: 0.8226 mm
    @(127.1000 mm, 92.2830 mm): 过孔 [/PG_3V3_N] (F.Cu - B.Cu)
[shorting_items]: 短路了两个不同网络的项目 (网络 /VBUS 和 /VBAT)
    Local override; error
    @(141.4936 mm, 98.9162 mm): 走线 [/VBUS] (B.Cu), 长度: 1.5894 mm
    @(142.2250 mm, 99.5000 mm): B.Cu 上 C3 的焊盘 1 [/VBAT]
[clearance]: 间距违规 ( 间距 0.1500 mm; 实际 0.0815 mm)
    Local override; error
    @(141.4936 mm, 98.9162 mm): 过孔 [/VBUS] (F.Cu - B.Cu)
    @(142.2250 mm, 99.5000 mm): B.Cu 上 C3 的焊盘 1 [/VBAT]
[shorting_items]: 短路了两个不同网络的项目 (网络 /GND 和 /VBUS)
    Local override; error
    @(143.7750 mm, 99.5000 mm): B.Cu 上 C3 的焊盘 2 [/GND]
    @(143.8486 mm, 99.6818 mm): 走线 [/VBUS] (B.Cu), 长度: 1.7571 mm
[shorting_items]: 短路了两个不同网络的项目 (网络 /GND 和 /VBUS)
    Local override; error
    @(143.7750 mm, 99.5000 mm): B.Cu 上 C3 的焊盘 2 [/GND]
    @(143.0830 mm, 98.9162 mm): 走线 [/VBUS] (B.Cu), 长度: 1.0827 mm
[clearance]: 间距违规 ( 间距 0.1500 mm; 实际 0.1419 mm)
    Local override; error
    @(142.2250 mm, 99.5000 mm): B.Cu 上 C3 的焊盘 1 [/VBAT]
    @(142.7500 mm, 101.1603 mm): 走线 [/ITERM_SET] (B.Cu), 长度: 2.1396 mm
[tracks_crossing]: Tracks crossing
    Local override; error
    @(141.5375 mm, 102.2500 mm): 走线 [/BAT_TS] (B.Cu), 长度: 5.4125 mm
    @(141.5375 mm, 100.1875 mm): 走线 [/VBAT] (B.Cu), 长度: 2.5625 mm
[tracks_crossing]: Tracks crossing
    Local override; error
    @(140.7627 mm, 100.0502 mm): 走线 [/ISET_SET] (B.Cu), 长度: 2.1034 mm
    @(141.5375 mm, 100.1875 mm): 走线 [/VBAT] (B.Cu), 长度: 2.5625 mm
[tracks_crossing]: Tracks crossing
    Local override; error
    @(141.5065 mm, 100.7940 mm): 走线 [/ISET_SET] (B.Cu), 长度: 1.0515 mm
    @(141.5375 mm, 100.1875 mm): 走线 [/VBAT] (B.Cu), 长度: 2.5625 mm
[shorting_items]: 短路了两个不同网络的项目 (网络 /VSYS 和 /GND)
    Local override; error
    @(145.6283 mm, 100.5355 mm): 走线 [/VSYS] (B.Cu), 长度: 3.9189 mm
    @(143.7750 mm, 99.5000 mm): B.Cu 上 C3 的焊盘 2 [/GND]
[shorting_items]: 短路了两个不同网络的项目 (网络 /BAT_TS 和 /VBAT)
    Local override; error
    @(141.5375 mm, 102.2500 mm): B.Cu 上 U2 的焊盘 1 [/BAT_TS]
    @(141.5375 mm, 100.1875 mm): 走线 [/VBAT] (B.Cu), 长度: 2.5625 mm
[shorting_items]: 短路了两个不同网络的项目 (网络 /GND 和 /TMR_SET)
    Local override; error
    @(143.7750 mm, 99.5000 mm): B.Cu 上 C3 的焊盘 2 [/GND]
    @(143.1166 mm, 99.9541 mm): 过孔 [/TMR_SET] (F.Cu - B.Cu)
[clearance]: 间距违规 ( 间距 0.1500 mm; 实际 0.1258 mm)
    Local override; error
    @(143.2500 mm, 100.0875 mm): 走线 [/TMR_SET] (B.Cu), 长度: 0.1887 mm
    @(143.7750 mm, 99.5000 mm): B.Cu 上 C3 的焊盘 2 [/GND]
[clearance]: 间距违规 ( 间距 0.1500 mm; 实际 0.1266 mm)
    Local override; error
    @(143.2500 mm, 101.5375 mm): 走线 [/TMR_SET] (B.Cu), 长度: 1.4500 mm
    @(143.7750 mm, 99.5000 mm): B.Cu 上 C3 的焊盘 2 [/GND]
[hole_clearance]: 孔间距违规 (<电路板配置> 中的 "孔" 约束 间距 0.2500 mm; 实际 0.2315 mm)
    Rule: <电路板配置> 中的 "孔" 约束; error
    @(142.2250 mm, 99.5000 mm): B.Cu 上 C3 的焊盘 1 [/VBAT]
    @(141.4936 mm, 98.9162 mm): 过孔 [/VBUS] (F.Cu - B.Cu)
[hole_clearance]: 孔间距违规 (<电路板配置> 中的 "孔" 约束 间距 0.2500 mm; 实际 0.1041 mm)
    Rule: <电路板配置> 中的 "孔" 约束; error
    @(143.7750 mm, 99.5000 mm): B.Cu 上 C3 的焊盘 2 [/GND]
    @(143.1166 mm, 99.9541 mm): 过孔 [/TMR_SET] (F.Cu - B.Cu)
[starved_thermal]: 缓释热焊盘 (花焊盘) 与填充区的连接不完整 (层 GND; 填充区 最小引线数量 2; 实际 1)
    Local override; error
    @(141.7500 mm, 67.2500 mm): 填充区[/GND]在 GND 上, 优先级 0
    @(128.0000 mm, 106.7250 mm): U7 的PTH 焊盘 13 [/GND]
[solder_mask_bridge]: 底层阻焊开窗区域与不同网络的项目相连
    Rule: <电路板配置> 中的 "阻焊层最小宽度"; error
    @(141.4936 mm, 98.9162 mm): 走线 [/VBUS] (B.Cu), 长度: 1.5894 mm
    @(142.2250 mm, 99.5000 mm): B.Cu 上 C3 的焊盘 1 [/VBAT]
[solder_mask_bridge]: 底层阻焊开窗区域与不同网络的项目相连
    Rule: <电路板配置> 中的 "阻焊层最小宽度"; error
    @(145.6283 mm, 100.5355 mm): 走线 [/VSYS] (B.Cu), 长度: 3.9189 mm
    @(143.7750 mm, 99.5000 mm): B.Cu 上 C3 的焊盘 2 [/GND]
[solder_mask_bridge]: 底层阻焊开窗区域与不同网络的项目相连
    Rule: <电路板配置> 中的 "阻焊层最小宽度"; error
    @(143.8486 mm, 99.6818 mm): 走线 [/VBUS] (B.Cu), 长度: 1.7571 mm
    @(143.7750 mm, 99.5000 mm): B.Cu 上 C3 的焊盘 2 [/GND]
[solder_mask_bridge]: 底层阻焊开窗区域与不同网络的项目相连
    Rule: <电路板配置> 中的 "阻焊层最小宽度"; error
    @(143.0830 mm, 98.9162 mm): 走线 [/VBUS] (B.Cu), 长度: 1.0827 mm
    @(143.7750 mm, 99.5000 mm): B.Cu 上 C3 的焊盘 2 [/GND]
[solder_mask_bridge]: 底层阻焊开窗区域与不同网络的项目相连
    Rule: <电路板配置> 中的 "阻焊层最小宽度"; error
    @(143.1166 mm, 99.9541 mm): 过孔 [/TMR_SET] (F.Cu - B.Cu)
    @(143.7750 mm, 99.5000 mm): B.Cu 上 C3 的焊盘 2 [/GND]
[solder_mask_bridge]: 底层阻焊开窗区域与不同网络的项目相连
    Rule: <电路板配置> 中的 "阻焊层最小宽度"; error
    @(141.5375 mm, 100.1875 mm): 走线 [/VBAT] (B.Cu), 长度: 2.5625 mm
    @(141.5375 mm, 102.2500 mm): B.Cu 上 U2 的焊盘 1 [/BAT_TS]
[track_dangling]: Track has unconnected end
    Local override; warning
    @(113.9530 mm, 102.8590 mm): 走线 [/USB_D+_CONN] (B.Cu), 长度: 0.0005 mm
[track_dangling]: Track has unconnected end
    Local override; warning
    @(144.7320 mm, 104.0195 mm): 走线 [/CHG_N] (B.Cu), 长度: 0.3811 mm
[track_dangling]: Track has unconnected end
    Local override; warning
    @(122.5190 mm, 111.7500 mm): 走线 [/PACKP] (B.Cu), 长度: 2.2685 mm
[silk_overlap]: Silkscreen clearance
    Rule: <电路板配置> 中的 "丝印" 约束; warning
    @(128.0000 mm, 97.0000 mm): U3 的参考字段
    @(127.3979 mm, 96.6400 mm): L1 的 线段, 位于 B.Silkscreen
[silk_overlap]: Silkscreen clearance
    Rule: <电路板配置> 中的 "丝印" 约束; warning
    @(123.8594 mm, 95.5100 mm): C10 的 线段, 位于 B.Silkscreen
    @(124.0000 mm, 95.5700 mm): C11 的参考字段
[silk_overlap]: Silkscreen clearance
    Rule: <电路板配置> 中的 "丝印" 约束; warning
    @(139.0000 mm, 85.5700 mm): C22 的参考字段
    @(140.5000 mm, 85.4000 mm): U1 的参考字段
[silk_overlap]: Silkscreen clearance
    Rule: <电路板配置> 中的 "丝印" 约束; warning
    @(143.0000 mm, 100.1700 mm): U2 的参考字段
    @(142.8594 mm, 100.0100 mm): C3 的 线段, 位于 B.Silkscreen
[silk_overlap]: Silkscreen clearance
    Rule: <电路板配置> 中的 "丝印" 约束; warning
    @(139.0000 mm, 69.5700 mm): C82 的参考字段
    @(138.8594 mm, 69.5100 mm): C81 的 线段, 位于 B.Silkscreen
[silk_overlap]: Silkscreen clearance
    Rule: <电路板配置> 中的 "丝印" 约束; warning
    @(128.7627 mm, 81.5225 mm): R20 的 线段, 位于 B.Silkscreen
    @(129.0000 mm, 81.0700 mm): R21 的参考字段
[silk_overlap]: Silkscreen clearance
    Rule: <电路板配置> 中的 "丝印" 约束; warning
    @(129.0000 mm, 81.0700 mm): R21 的参考字段
    @(128.7627 mm, 80.4775 mm): R20 的 线段, 位于 B.Silkscreen
[silk_overlap]: Silkscreen clearance
    Rule: <电路板配置> 中的 "丝印" 约束; warning
    @(131.7627 mm, 90.4775 mm): R10 的 线段, 位于 B.Silkscreen
    @(132.0000 mm, 91.0700 mm): R11 的参考字段
[silk_overlap]: Silkscreen clearance
    Rule: <电路板配置> 中的 "丝印" 约束; warning
    @(131.7627 mm, 91.5225 mm): R10 的 线段, 位于 B.Silkscreen
    @(132.0000 mm, 91.0700 mm): R11 的参考字段
[silk_overlap]: Silkscreen clearance
    Rule: <电路板配置> 中的 "丝印" 约束; warning
    @(154.7627 mm, 92.5225 mm): R93 的 线段, 位于 B.Silkscreen
    @(154.0000 mm, 92.5700 mm): C90 的参考字段
[silk_overlap]: Silkscreen clearance
    Rule: <电路板配置> 中的 "丝印" 约束; warning
    @(127.9993 mm, 108.5174 mm): U7 的参考字段
    @(128.0000 mm, 108.8700 mm): R73 的参考字段
[silk_over_copper]: Silkscreen clipped by solder mask
    Local override; warning
    @(128.0000 mm, 97.0000 mm): U3 的参考字段
    @(129.4000 mm, 98.0000 mm): B.Cu 上 L1 的焊盘 2 [/L3V3_B]
[silk_over_copper]: Silkscreen clipped by solder mask
    Local override; warning
    @(128.0000 mm, 97.0000 mm): U3 的参考字段
    @(126.6000 mm, 98.0000 mm): B.Cu 上 L1 的焊盘 1 [/L3V3_A]
[silk_over_copper]: Silkscreen clipped by solder mask
    Local override; warning
    @(143.0000 mm, 100.1700 mm): U2 的参考字段
    @(142.2250 mm, 99.5000 mm): B.Cu 上 C3 的焊盘 1 [/VBAT]
[silk_over_copper]: Silkscreen clipped by solder mask
    Local override; warning
    @(143.0000 mm, 100.1700 mm): U2 的参考字段
    @(143.7750 mm, 99.5000 mm): B.Cu 上 C3 的焊盘 2 [/GND]
[silk_over_copper]: Silkscreen clipped by solder mask
    Local override; warning
    @(145.0000 mm, 105.5700 mm): R77 的参考字段
    @(146.1750 mm, 105.5000 mm): B.Cu 上 R75 的焊盘 1 [/PGOOD_N]
[silk_over_copper]: Silkscreen clipped by solder mask
    Local override; warning
    @(139.0000 mm, 69.5700 mm): C82 的参考字段
    @(139.7750 mm, 69.0000 mm): B.Cu 上 C81 的焊盘 2 [/GND]
[silk_over_copper]: Silkscreen clipped by solder mask
    Local override; warning
    @(139.0000 mm, 69.5700 mm): C82 的参考字段
    @(138.2250 mm, 69.0000 mm): B.Cu 上 C81 的焊盘 1 [/+3V3_MAIN]
[silk_over_copper]: Silkscreen clipped by solder mask
    Local override; warning
    @(129.0000 mm, 81.0700 mm): R21 的参考字段
    @(129.8250 mm, 81.0000 mm): B.Cu 上 R20 的焊盘 2 [/FB_5V]
[silk_over_copper]: Silkscreen clipped by solder mask
    Local override; warning
    @(129.0000 mm, 81.0700 mm): R21 的参考字段
    @(128.1750 mm, 81.0000 mm): B.Cu 上 R20 的焊盘 1 [/+5V_MEDIA]
[silk_over_copper]: Silkscreen clipped by solder mask
    Local override; warning
    @(132.0000 mm, 91.0700 mm): R11 的参考字段
    @(132.8250 mm, 91.0000 mm): B.Cu 上 R10 的焊盘 2 [/FB_3V3]
[silk_over_copper]: Silkscreen clipped by solder mask
    Local override; warning
    @(132.0000 mm, 91.0700 mm): R11 的参考字段
    @(131.1750 mm, 91.0000 mm): B.Cu 上 R10 的焊盘 1 [/+3V3_MAIN]
[silk_over_copper]: Silkscreen clipped by solder mask
    Local override; warning
    @(154.0000 mm, 92.5700 mm): C90 的参考字段
    @(154.1750 mm, 92.0000 mm): B.Cu 上 R93 的焊盘 1 [/SD_CD]
[silk_over_copper]: Silkscreen clipped by solder mask
    Local override; warning
    @(157.0000 mm, 92.5700 mm): C91 的参考字段
    @(155.8250 mm, 92.0000 mm): B.Cu 上 R93 的焊盘 2 [/+3V3_MAIN]
[silk_over_copper]: Silkscreen clipped by solder mask
    Local override; warning
    @(154.0000 mm, 92.5700 mm): C90 的参考字段
    @(152.8250 mm, 92.0000 mm): B.Cu 上 R92 的焊盘 2 [/+3V3_MAIN]
[silk_over_copper]: Silkscreen clipped by solder mask
    Local override; warning
    @(124.0000 mm, 95.5700 mm): C11 的参考字段
    @(124.7750 mm, 95.0000 mm): B.Cu 上 C10 的焊盘 2 [/GND]
[silk_over_copper]: Silkscreen clipped by solder mask
    Local override; warning
    @(124.0000 mm, 95.5700 mm): C11 的参考字段
    @(123.2250 mm, 95.0000 mm): B.Cu 上 C10 的焊盘 1 [/VSYS]
[silk_over_copper]: Silkscreen clipped by solder mask
    Local override; warning
    @(72.0000 mm, 96.5700 mm): FB2 的参考字段
    @(70.7750 mm, 95.6000 mm): B.Cu 上 C51 的焊盘 2 [/GND]

** Found 14 unconnected pads **
[unconnected_items]: Missing connection between items
    Local override; error
    @(141.7500 mm, 67.2500 mm): 填充区[/GND]在 B.Cu 上, 优先级 0
    @(141.7500 mm, 67.2500 mm): 填充区[/GND]在 B.Cu 上, 优先级 0
[unconnected_items]: Missing connection between items
    Local override; error
    @(141.7500 mm, 67.2500 mm): 填充区[/GND]在 B.Cu 上, 优先级 0
    @(141.7500 mm, 67.2500 mm): 填充区[/GND]在 B.Cu 上, 优先级 0
[unconnected_items]: Missing connection between items
    Local override; error
    @(141.7500 mm, 67.2500 mm): 填充区[/GND]在 B.Cu 上, 优先级 0
    @(141.7500 mm, 67.2500 mm): 填充区[/GND]在 B.Cu 上, 优先级 0
[unconnected_items]: Missing connection between items
    Local override; error
    @(126.1000 mm, 106.2000 mm): B.Cu 上 U7 的焊盘 3 [/GND]
    @(141.7500 mm, 67.2500 mm): 填充区[/GND]在 B.Cu 上, 优先级 0
[unconnected_items]: Missing connection between items
    Local override; error
    @(141.7500 mm, 67.2500 mm): 填充区[/GND]在 B.Cu 上, 优先级 0
    @(141.7500 mm, 67.2500 mm): 填充区[/GND]在 B.Cu 上, 优先级 0
[unconnected_items]: Missing connection between items
    Local override; error
    @(141.7500 mm, 67.2500 mm): 填充区[/GND]在 B.Cu 上, 优先级 0
    @(141.7500 mm, 67.2500 mm): 填充区[/GND]在 B.Cu 上, 优先级 0
[unconnected_items]: Missing connection between items
    Local override; error
    @(141.7500 mm, 67.2500 mm): 填充区[/GND]在 B.Cu 上, 优先级 0
    @(134.7400 mm, 80.5000 mm): B.Cu 上 U4 的焊盘 4 [/GND]
[unconnected_items]: Missing connection between items
    Local override; error
    @(141.7500 mm, 67.2500 mm): 填充区[/GND]在 B.Cu 上, 优先级 0
    @(141.7500 mm, 67.2500 mm): 填充区[/GND]在 B.Cu 上, 优先级 0
[unconnected_items]: Missing connection between items
    Local override; error
    @(141.7500 mm, 67.2500 mm): 填充区[/GND]在 B.Cu 上, 优先级 0
    @(141.7500 mm, 67.2500 mm): 填充区[/GND]在 B.Cu 上, 优先级 0
[unconnected_items]: Missing connection between items
    Local override; error
    @(141.7500 mm, 67.2500 mm): 填充区[/GND]在 B.Cu 上, 优先级 0
    @(141.7500 mm, 67.2500 mm): 填充区[/GND]在 B.Cu 上, 优先级 0
[unconnected_items]: Missing connection between items
    Local override; error
    @(141.7500 mm, 67.2500 mm): 填充区[/GND]在 B.Cu 上, 优先级 0
    @(141.7500 mm, 67.2500 mm): 填充区[/GND]在 B.Cu 上, 优先级 0
[unconnected_items]: Missing connection between items
    Local override; error
    @(141.7500 mm, 67.2500 mm): 填充区[/GND]在 B.Cu 上, 优先级 0
    @(141.7500 mm, 67.2500 mm): 填充区[/GND]在 B.Cu 上, 优先级 0
[unconnected_items]: Missing connection between items
    Local override; error
    @(143.7750 mm, 99.5000 mm): B.Cu 上 C3 的焊盘 2 [/GND]
    @(143.5900 mm, 102.4100 mm): U2 的PTH 焊盘 17 [/GND]
[unconnected_items]: Missing connection between items
    Local override; error
    @(141.7500 mm, 67.2500 mm): 填充区[/GND]在 B.Cu 上, 优先级 0
    @(141.7500 mm, 67.2500 mm): 填充区[/GND]在 B.Cu 上, 优先级 0

** Found 0 Footprint errors **

** Ignored checks **
    - Footprint has no courtyard defined
    - Track endpoint not centered on via
    - Tuning profile track geometries
    - Footprint doesn't match symbol's footprint filters
    - Footprint component type doesn't match footprint pads

** End of Report **
